<?xml version="1.0" encoding="UTF-8"?>
<testsuite xmlns:xsi="http://www.w3.org/2001/XMLSchema-instance" xsi:noNamespaceSchemaLocation="https://maven.apache.org/surefire/maven-surefire-plugin/xsd/surefire-test-report-3.0.xsd" version="3.0" name="viewall.ViewAllTest" time="23.745" tests="1" errors="0" skipped="0" failures="0">
  <properties>
    <property name="sun.desktop" value="windows"/>
    <property name="awt.toolkit" value="sun.awt.windows.WToolkit"/>
    <property name="java.specification.version" value="11"/>
    <property name="sun.cpu.isalist" value="amd64"/>
    <property name="sun.jnu.encoding" value="Cp1252"/>
    <property name="java.class.path" value="C:\Users\DEWISE SOLUTIONS\source\repos\viewall-karate\target\test-classes;C:\Users\DEWISE SOLUTIONS\source\repos\viewall-karate\target\classes;C:\Users\DEWISE SOLUTIONS\.m2\repository\com\intuit\karate\karate-junit5\1.4.1\karate-junit5-1.4.1.jar;C:\Users\DEWISE SOLUTIONS\.m2\repository\com\intuit\karate\karate-core\1.4.1\karate-core-1.4.1.jar;C:\Users\DEWISE SOLUTIONS\.m2\repository\org\graalvm\js\js-scriptengine\22.3.3\js-scriptengine-22.3.3.jar;C:\Users\DEWISE SOLUTIONS\.m2\repository\org\graalvm\sdk\graal-sdk\22.3.3\graal-sdk-22.3.3.jar;C:\Users\DEWISE SOLUTIONS\.m2\repository\org\graalvm\js\js\22.3.3\js-22.3.3.jar;C:\Users\DEWISE SOLUTIONS\.m2\repository\org\graalvm\regex\regex\22.3.3\regex-22.3.3.jar;C:\Users\DEWISE SOLUTIONS\.m2\repository\org\graalvm\truffle\truffle-api\22.3.3\truffle-api-22.3.3.jar;C:\Users\DEWISE SOLUTIONS\.m2\repository\com\ibm\icu\icu4j\71.1\icu4j-71.1.jar;C:\Users\DEWISE SOLUTIONS\.m2\repository\org\thymeleaf\thymeleaf\3.1.2.RELEASE\thymeleaf-3.1.2.RELEASE.jar;C:\Users\DEWISE SOLUTIONS\.m2\repository\ognl\ognl\3.3.4\ognl-3.3.4.jar;C:\Users\DEWISE SOLUTIONS\.m2\repository\org\javassist\javassist\3.29.0-GA\javassist-3.29.0-GA.jar;C:\Users\DEWISE SOLUTIONS\.m2\repository\org\attoparser\attoparser\2.0.7.RELEASE\attoparser-2.0.7.RELEASE.jar;C:\Users\DEWISE SOLUTIONS\.m2\repository\org\unbescape\unbescape\1.1.6.RELEASE\unbescape-1.1.6.RELEASE.jar;C:\Users\DEWISE SOLUTIONS\.m2\repository\org\slf4j\slf4j-api\2.0.7\slf4j-api-2.0.7.jar;C:\Users\DEWISE SOLUTIONS\.m2\repository\com\linecorp\armeria\armeria\1.25.2\armeria-1.25.2.jar;C:\Users\DEWISE SOLUTIONS\.m2\repository\com\fasterxml\jackson\core\jackson-core\2.15.2\jackson-core-2.15.2.jar;C:\Users\DEWISE SOLUTIONS\.m2\repository\com\fasterxml\jackson\core\jackson-annotations\2.15.2\jackson-annotations-2.15.2.jar;C:\Users\DEWISE SOLUTIONS\.m2\repository\com\fasterxml\jackson\core\jackson-databind\2.15.2\jackson-databind-2.15.2.jar;C:\Users\DEWISE SOLUTIONS\.m2\repository\com\fasterxml\jackson\datatype\jackson-datatype-jdk8\2.15.2\jackson-datatype-jdk8-2.15.2.jar;C:\Users\DEWISE SOLUTIONS\.m2\repository\com\fasterxml\jackson\datatype\jackson-datatype-jsr310\2.15.2\jackson-datatype-jsr310-2.15.2.jar;C:\Users\DEWISE SOLUTIONS\.m2\repository\io\micrometer\micrometer-core\1.11.3\micrometer-core-1.11.3.jar;C:\Users\DEWISE SOLUTIONS\.m2\repository\io\micrometer\micrometer-commons\1.11.3\micrometer-commons-1.11.3.jar;C:\Users\DEWISE SOLUTIONS\.m2\repository\io\micrometer\micrometer-observation\1.11.3\micrometer-observation-1.11.3.jar;C:\Users\DEWISE SOLUTIONS\.m2\repository\org\hdrhistogram\HdrHistogram\2.1.12\HdrHistogram-2.1.12.jar;C:\Users\DEWISE SOLUTIONS\.m2\repository\org\latencyutils\LatencyUtils\2.0.3\LatencyUtils-2.0.3.jar;C:\Users\DEWISE SOLUTIONS\.m2\repository\io\netty\netty-transport\4.1.96.Final\netty-transport-4.1.96.Final.jar;C:\Users\DEWISE SOLUTIONS\.m2\repository\io\netty\netty-common\4.1.96.Final\netty-common-4.1.96.Final.jar;C:\Users\DEWISE SOLUTIONS\.m2\repository\io\netty\netty-buffer\4.1.96.Final\netty-buffer-4.1.96.Final.jar;C:\Users\DEWISE SOLUTIONS\.m2\repository\io\netty\netty-resolver\4.1.96.Final\netty-resolver-4.1.96.Final.jar;C:\Users\DEWISE SOLUTIONS\.m2\repository\io\netty\netty-codec-haproxy\4.1.96.Final\netty-codec-haproxy-4.1.96.Final.jar;C:\Users\DEWISE SOLUTIONS\.m2\repository\io\netty\netty-codec\4.1.96.Final\netty-codec-4.1.96.Final.jar;C:\Users\DEWISE SOLUTIONS\.m2\repository\io\netty\netty-codec-http2\4.1.96.Final\netty-codec-http2-4.1.96.Final.jar;C:\Users\DEWISE SOLUTIONS\.m2\repository\io\netty\netty-handler\4.1.96.Final\netty-handler-4.1.96.Final.jar;C:\Users\DEWISE SOLUTIONS\.m2\repository\io\netty\netty-codec-http\4.1.96.Final\netty-codec-http-4.1.96.Final.jar;C:\Users\DEWISE SOLUTIONS\.m2\repository\io\netty\netty-resolver-dns\4.1.96.Final\netty-resolver-dns-4.1.96.Final.jar;C:\Users\DEWISE SOLUTIONS\.m2\repository\io\netty\netty-codec-dns\4.1.96.Final\netty-codec-dns-4.1.96.Final.jar;C:\Users\DEWISE SOLUTIONS\.m2\repository\org\reactivestreams\reactive-streams\1.0.4\reactive-streams-1.0.4.jar;C:\Users\DEWISE SOLUTIONS\.m2\repository\com\google\code\findbugs\jsr305\3.0.2\jsr305-3.0.2.jar;C:\Users\DEWISE SOLUTIONS\.m2\repository\io\netty\netty-handler-proxy\4.1.96.Final\netty-handler-proxy-4.1.96.Final.jar;C:\Users\DEWISE SOLUTIONS\.m2\repository\io\netty\netty-codec-socks\4.1.96.Final\netty-codec-socks-4.1.96.Final.jar;C:\Users\DEWISE SOLUTIONS\.m2\repository\io\netty\netty-transport-native-unix-common\4.1.96.Final\netty-transport-native-unix-common-4.1.96.Final-linux-x86_64.jar;C:\Users\DEWISE SOLUTIONS\.m2\repository\io\netty\netty-transport-native-epoll\4.1.96.Final\netty-transport-native-epoll-4.1.96.Final-linux-x86_64.jar;C:\Users\DEWISE SOLUTIONS\.m2\repository\io\netty\netty-transport-native-unix-common\4.1.96.Final\netty-transport-native-unix-common-4.1.96.Final.jar;C:\Users\DEWISE SOLUTIONS\.m2\repository\io\netty\netty-transport-classes-epoll\4.1.96.Final\netty-transport-classes-epoll-4.1.96.Final.jar;C:\Users\DEWISE SOLUTIONS\.m2\repository\io\netty\netty-transport-native-unix-common\4.1.96.Final\netty-transport-native-unix-common-4.1.96.Final-linux-aarch_64.jar;C:\Users\DEWISE SOLUTIONS\.m2\repository\io\netty\netty-transport-native-epoll\4.1.96.Final\netty-transport-native-epoll-4.1.96.Final-linux-aarch_64.jar;C:\Users\DEWISE SOLUTIONS\.m2\repository\io\netty\netty-transport-native-unix-common\4.1.96.Final\netty-transport-native-unix-common-4.1.96.Final-osx-x86_64.jar;C:\Users\DEWISE SOLUTIONS\.m2\repository\io\netty\netty-transport-native-kqueue\4.1.96.Final\netty-transport-native-kqueue-4.1.96.Final-osx-x86_64.jar;C:\Users\DEWISE SOLUTIONS\.m2\repository\io\netty\netty-transport-classes-kqueue\4.1.96.Final\netty-transport-classes-kqueue-4.1.96.Final.jar;C:\Users\DEWISE SOLUTIONS\.m2\repository\io\netty\netty-resolver-dns-native-macos\4.1.96.Final\netty-resolver-dns-native-macos-4.1.96.Final-osx-x86_64.jar;C:\Users\DEWISE SOLUTIONS\.m2\repository\io\netty\netty-resolver-dns-classes-macos\4.1.96.Final\netty-resolver-dns-classes-macos-4.1.96.Final.jar;C:\Users\DEWISE SOLUTIONS\.m2\repository\io\netty\netty-transport-native-unix-common\4.1.96.Final\netty-transport-native-unix-common-4.1.96.Final-osx-aarch_64.jar;C:\Users\DEWISE SOLUTIONS\.m2\repository\io\netty\netty-transport-native-kqueue\4.1.96.Final\netty-transport-native-kqueue-4.1.96.Final-osx-aarch_64.jar;C:\Users\DEWISE SOLUTIONS\.m2\repository\io\netty\netty-resolver-dns-native-macos\4.1.96.Final\netty-resolver-dns-native-macos-4.1.96.Final-osx-aarch_64.jar;C:\Users\DEWISE SOLUTIONS\.m2\repository\io\netty\netty-tcnative-boringssl-static\2.0.61.Final\netty-tcnative-boringssl-static-2.0.61.Final-linux-x86_64.jar;C:\Users\DEWISE SOLUTIONS\.m2\repository\io\netty\netty-tcnative-classes\2.0.61.Final\netty-tcnative-classes-2.0.61.Final.jar;C:\Users\DEWISE SOLUTIONS\.m2\repository\io\netty\netty-tcnative-boringssl-static\2.0.61.Final\netty-tcnative-boringssl-static-2.0.61.Final-linux-aarch_64.jar;C:\Users\DEWISE SOLUTIONS\.m2\repository\io\netty\netty-tcnative-boringssl-static\2.0.61.Final\netty-tcnative-boringssl-static-2.0.61.Final-osx-x86_64.jar;C:\Users\DEWISE SOLUTIONS\.m2\repository\io\netty\netty-tcnative-boringssl-static\2.0.61.Final\netty-tcnative-boringssl-static-2.0.61.Final-osx-aarch_64.jar;C:\Users\DEWISE SOLUTIONS\.m2\repository\io\netty\netty-tcnative-boringssl-static\2.0.61.Final\netty-tcnative-boringssl-static-2.0.61.Final-windows-x86_64.jar;C:\Users\DEWISE SOLUTIONS\.m2\repository\com\aayushatharva\brotli4j\brotli4j\1.12.0\brotli4j-1.12.0.jar;C:\Users\DEWISE SOLUTIONS\.m2\repository\com\aayushatharva\brotli4j\service\1.12.0\service-1.12.0.jar;C:\Users\DEWISE SOLUTIONS\.m2\repository\com\aayushatharva\brotli4j\native-windows-x86_64\1.12.0\native-windows-x86_64-1.12.0.jar;C:\Users\DEWISE SOLUTIONS\.m2\repository\org\apache\httpcomponents\httpclient\4.5.14\httpclient-4.5.14.jar;C:\Users\DEWISE SOLUTIONS\.m2\repository\org\apache\httpcomponents\httpcore\4.4.16\httpcore-4.4.16.jar;C:\Users\DEWISE SOLUTIONS\.m2\repository\commons-codec\commons-codec\1.16.0\commons-codec-1.16.0.jar;C:\Users\DEWISE SOLUTIONS\.m2\repository\ch\qos\logback\logback-classic\1.4.11\logback-classic-1.4.11.jar;C:\Users\DEWISE SOLUTIONS\.m2\repository\ch\qos\logback\logback-core\1.4.11\logback-core-1.4.11.jar;C:\Users\DEWISE SOLUTIONS\.m2\repository\org\slf4j\jcl-over-slf4j\2.0.9\jcl-over-slf4j-2.0.9.jar;C:\Users\DEWISE SOLUTIONS\.m2\repository\org\antlr\antlr4-runtime\4.11.1\antlr4-runtime-4.11.1.jar;C:\Users\DEWISE SOLUTIONS\.m2\repository\com\jayway\jsonpath\json-path\2.8.0\json-path-2.8.0.jar;C:\Users\DEWISE SOLUTIONS\.m2\repository\net\minidev\json-smart\2.4.10\json-smart-2.4.10.jar;C:\Users\DEWISE SOLUTIONS\.m2\repository\net\minidev\accessors-smart\2.4.9\accessors-smart-2.4.9.jar;C:\Users\DEWISE SOLUTIONS\.m2\repository\org\ow2\asm\asm\9.3\asm-9.3.jar;C:\Users\DEWISE SOLUTIONS\.m2\repository\org\yaml\snakeyaml\2.0\snakeyaml-2.0.jar;C:\Users\DEWISE SOLUTIONS\.m2\repository\de\siegmar\fastcsv\2.2.1\fastcsv-2.2.1.jar;C:\Users\DEWISE SOLUTIONS\.m2\repository\info\picocli\picocli\4.7.1\picocli-4.7.1.jar;C:\Users\DEWISE SOLUTIONS\.m2\repository\io\github\classgraph\classgraph\4.8.160\classgraph-4.8.160.jar;C:\Users\DEWISE SOLUTIONS\.m2\repository\io\github\t12y\resemble\1.0.2\resemble-1.0.2.jar;C:\Users\DEWISE SOLUTIONS\.m2\repository\io\github\t12y\ssim\1.0.0\ssim-1.0.0.jar;C:\Users\DEWISE SOLUTIONS\.m2\repository\org\junit\jupiter\junit-jupiter-api\5.9.3\junit-jupiter-api-5.9.3.jar;C:\Users\DEWISE SOLUTIONS\.m2\repository\org\opentest4j\opentest4j\1.2.0\opentest4j-1.2.0.jar;C:\Users\DEWISE SOLUTIONS\.m2\repository\org\junit\platform\junit-platform-commons\1.9.3\junit-platform-commons-1.9.3.jar;C:\Users\DEWISE SOLUTIONS\.m2\repository\org\apiguardian\apiguardian-api\1.1.2\apiguardian-api-1.1.2.jar;C:\Users\DEWISE SOLUTIONS\.m2\repository\org\junit\jupiter\junit-jupiter-engine\5.9.3\junit-jupiter-engine-5.9.3.jar;C:\Users\DEWISE SOLUTIONS\.m2\repository\org\junit\platform\junit-platform-engine\1.9.3\junit-platform-engine-1.9.3.jar;"/>
    <property name="java.vm.vendor" value="Oracle Corporation"/>
    <property name="sun.arch.data.model" value="64"/>
    <property name="user.variant" value=""/>
    <property name="java.vendor.url" value="https://openjdk.java.net/"/>
    <property name="user.timezone" value="Asia/Manila"/>
    <property name="java.vm.specification.version" value="11"/>
    <property name="os.name" value="Windows 11"/>
    <property name="sun.java.launcher" value="SUN_STANDARD"/>
    <property name="user.country" value="PH"/>
    <property name="sun.boot.library.path" value="C:\Program Files\Java\jdk-11\bin"/>
    <property name="sun.java.command" value="C:\Users\DEWISE SOLUTIONS\AppData\Local\Temp\surefire3815823163654522044\surefirebooter-20240705151640793_3.jar C:\Users\DEWISE SOLUTIONS\AppData\Local\Temp\surefire3815823163654522044 2024-07-05T15-16-40_613-jvmRun1 surefire-20240705151640793_1tmp surefire_0-20240705151640793_2tmp"/>
    <property name="jdk.debug" value="release"/>
    <property name="surefire.test.class.path" value="C:\Users\DEWISE SOLUTIONS\source\repos\viewall-karate\target\test-classes;C:\Users\DEWISE SOLUTIONS\source\repos\viewall-karate\target\classes;C:\Users\DEWISE SOLUTIONS\.m2\repository\com\intuit\karate\karate-junit5\1.4.1\karate-junit5-1.4.1.jar;C:\Users\DEWISE SOLUTIONS\.m2\repository\com\intuit\karate\karate-core\1.4.1\karate-core-1.4.1.jar;C:\Users\DEWISE SOLUTIONS\.m2\repository\org\graalvm\js\js-scriptengine\22.3.3\js-scriptengine-22.3.3.jar;C:\Users\DEWISE SOLUTIONS\.m2\repository\org\graalvm\sdk\graal-sdk\22.3.3\graal-sdk-22.3.3.jar;C:\Users\DEWISE SOLUTIONS\.m2\repository\org\graalvm\js\js\22.3.3\js-22.3.3.jar;C:\Users\DEWISE SOLUTIONS\.m2\repository\org\graalvm\regex\regex\22.3.3\regex-22.3.3.jar;C:\Users\DEWISE SOLUTIONS\.m2\repository\org\graalvm\truffle\truffle-api\22.3.3\truffle-api-22.3.3.jar;C:\Users\DEWISE SOLUTIONS\.m2\repository\com\ibm\icu\icu4j\71.1\icu4j-71.1.jar;C:\Users\DEWISE SOLUTIONS\.m2\repository\org\thymeleaf\thymeleaf\3.1.2.RELEASE\thymeleaf-3.1.2.RELEASE.jar;C:\Users\DEWISE SOLUTIONS\.m2\repository\ognl\ognl\3.3.4\ognl-3.3.4.jar;C:\Users\DEWISE SOLUTIONS\.m2\repository\org\javassist\javassist\3.29.0-GA\javassist-3.29.0-GA.jar;C:\Users\DEWISE SOLUTIONS\.m2\repository\org\attoparser\attoparser\2.0.7.RELEASE\attoparser-2.0.7.RELEASE.jar;C:\Users\DEWISE SOLUTIONS\.m2\repository\org\unbescape\unbescape\1.1.6.RELEASE\unbescape-1.1.6.RELEASE.jar;C:\Users\DEWISE SOLUTIONS\.m2\repository\org\slf4j\slf4j-api\2.0.7\slf4j-api-2.0.7.jar;C:\Users\DEWISE SOLUTIONS\.m2\repository\com\linecorp\armeria\armeria\1.25.2\armeria-1.25.2.jar;C:\Users\DEWISE SOLUTIONS\.m2\repository\com\fasterxml\jackson\core\jackson-core\2.15.2\jackson-core-2.15.2.jar;C:\Users\DEWISE SOLUTIONS\.m2\repository\com\fasterxml\jackson\core\jackson-annotations\2.15.2\jackson-annotations-2.15.2.jar;C:\Users\DEWISE SOLUTIONS\.m2\repository\com\fasterxml\jackson\core\jackson-databind\2.15.2\jackson-databind-2.15.2.jar;C:\Users\DEWISE SOLUTIONS\.m2\repository\com\fasterxml\jackson\datatype\jackson-datatype-jdk8\2.15.2\jackson-datatype-jdk8-2.15.2.jar;C:\Users\DEWISE SOLUTIONS\.m2\repository\com\fasterxml\jackson\datatype\jackson-datatype-jsr310\2.15.2\jackson-datatype-jsr310-2.15.2.jar;C:\Users\DEWISE SOLUTIONS\.m2\repository\io\micrometer\micrometer-core\1.11.3\micrometer-core-1.11.3.jar;C:\Users\DEWISE SOLUTIONS\.m2\repository\io\micrometer\micrometer-commons\1.11.3\micrometer-commons-1.11.3.jar;C:\Users\DEWISE SOLUTIONS\.m2\repository\io\micrometer\micrometer-observation\1.11.3\micrometer-observation-1.11.3.jar;C:\Users\DEWISE SOLUTIONS\.m2\repository\org\hdrhistogram\HdrHistogram\2.1.12\HdrHistogram-2.1.12.jar;C:\Users\DEWISE SOLUTIONS\.m2\repository\org\latencyutils\LatencyUtils\2.0.3\LatencyUtils-2.0.3.jar;C:\Users\DEWISE SOLUTIONS\.m2\repository\io\netty\netty-transport\4.1.96.Final\netty-transport-4.1.96.Final.jar;C:\Users\DEWISE SOLUTIONS\.m2\repository\io\netty\netty-common\4.1.96.Final\netty-common-4.1.96.Final.jar;C:\Users\DEWISE SOLUTIONS\.m2\repository\io\netty\netty-buffer\4.1.96.Final\netty-buffer-4.1.96.Final.jar;C:\Users\DEWISE SOLUTIONS\.m2\repository\io\netty\netty-resolver\4.1.96.Final\netty-resolver-4.1.96.Final.jar;C:\Users\DEWISE SOLUTIONS\.m2\repository\io\netty\netty-codec-haproxy\4.1.96.Final\netty-codec-haproxy-4.1.96.Final.jar;C:\Users\DEWISE SOLUTIONS\.m2\repository\io\netty\netty-codec\4.1.96.Final\netty-codec-4.1.96.Final.jar;C:\Users\DEWISE SOLUTIONS\.m2\repository\io\netty\netty-codec-http2\4.1.96.Final\netty-codec-http2-4.1.96.Final.jar;C:\Users\DEWISE SOLUTIONS\.m2\repository\io\netty\netty-handler\4.1.96.Final\netty-handler-4.1.96.Final.jar;C:\Users\DEWISE SOLUTIONS\.m2\repository\io\netty\netty-codec-http\4.1.96.Final\netty-codec-http-4.1.96.Final.jar;C:\Users\DEWISE SOLUTIONS\.m2\repository\io\netty\netty-resolver-dns\4.1.96.Final\netty-resolver-dns-4.1.96.Final.jar;C:\Users\DEWISE SOLUTIONS\.m2\repository\io\netty\netty-codec-dns\4.1.96.Final\netty-codec-dns-4.1.96.Final.jar;C:\Users\DEWISE SOLUTIONS\.m2\repository\org\reactivestreams\reactive-streams\1.0.4\reactive-streams-1.0.4.jar;C:\Users\DEWISE SOLUTIONS\.m2\repository\com\google\code\findbugs\jsr305\3.0.2\jsr305-3.0.2.jar;C:\Users\DEWISE SOLUTIONS\.m2\repository\io\netty\netty-handler-proxy\4.1.96.Final\netty-handler-proxy-4.1.96.Final.jar;C:\Users\DEWISE SOLUTIONS\.m2\repository\io\netty\netty-codec-socks\4.1.96.Final\netty-codec-socks-4.1.96.Final.jar;C:\Users\DEWISE SOLUTIONS\.m2\repository\io\netty\netty-transport-native-unix-common\4.1.96.Final\netty-transport-native-unix-common-4.1.96.Final-linux-x86_64.jar;C:\Users\DEWISE SOLUTIONS\.m2\repository\io\netty\netty-transport-native-epoll\4.1.96.Final\netty-transport-native-epoll-4.1.96.Final-linux-x86_64.jar;C:\Users\DEWISE SOLUTIONS\.m2\repository\io\netty\netty-transport-native-unix-common\4.1.96.Final\netty-transport-native-unix-common-4.1.96.Final.jar;C:\Users\DEWISE SOLUTIONS\.m2\repository\io\netty\netty-transport-classes-epoll\4.1.96.Final\netty-transport-classes-epoll-4.1.96.Final.jar;C:\Users\DEWISE SOLUTIONS\.m2\repository\io\netty\netty-transport-native-unix-common\4.1.96.Final\netty-transport-native-unix-common-4.1.96.Final-linux-aarch_64.jar;C:\Users\DEWISE SOLUTIONS\.m2\repository\io\netty\netty-transport-native-epoll\4.1.96.Final\netty-transport-native-epoll-4.1.96.Final-linux-aarch_64.jar;C:\Users\DEWISE SOLUTIONS\.m2\repository\io\netty\netty-transport-native-unix-common\4.1.96.Final\netty-transport-native-unix-common-4.1.96.Final-osx-x86_64.jar;C:\Users\DEWISE SOLUTIONS\.m2\repository\io\netty\netty-transport-native-kqueue\4.1.96.Final\netty-transport-native-kqueue-4.1.96.Final-osx-x86_64.jar;C:\Users\DEWISE SOLUTIONS\.m2\repository\io\netty\netty-transport-classes-kqueue\4.1.96.Final\netty-transport-classes-kqueue-4.1.96.Final.jar;C:\Users\DEWISE SOLUTIONS\.m2\repository\io\netty\netty-resolver-dns-native-macos\4.1.96.Final\netty-resolver-dns-native-macos-4.1.96.Final-osx-x86_64.jar;C:\Users\DEWISE SOLUTIONS\.m2\repository\io\netty\netty-resolver-dns-classes-macos\4.1.96.Final\netty-resolver-dns-classes-macos-4.1.96.Final.jar;C:\Users\DEWISE SOLUTIONS\.m2\repository\io\netty\netty-transport-native-unix-common\4.1.96.Final\netty-transport-native-unix-common-4.1.96.Final-osx-aarch_64.jar;C:\Users\DEWISE SOLUTIONS\.m2\repository\io\netty\netty-transport-native-kqueue\4.1.96.Final\netty-transport-native-kqueue-4.1.96.Final-osx-aarch_64.jar;C:\Users\DEWISE SOLUTIONS\.m2\repository\io\netty\netty-resolver-dns-native-macos\4.1.96.Final\netty-resolver-dns-native-macos-4.1.96.Final-osx-aarch_64.jar;C:\Users\DEWISE SOLUTIONS\.m2\repository\io\netty\netty-tcnative-boringssl-static\2.0.61.Final\netty-tcnative-boringssl-static-2.0.61.Final-linux-x86_64.jar;C:\Users\DEWISE SOLUTIONS\.m2\repository\io\netty\netty-tcnative-classes\2.0.61.Final\netty-tcnative-classes-2.0.61.Final.jar;C:\Users\DEWISE SOLUTIONS\.m2\repository\io\netty\netty-tcnative-boringssl-static\2.0.61.Final\netty-tcnative-boringssl-static-2.0.61.Final-linux-aarch_64.jar;C:\Users\DEWISE SOLUTIONS\.m2\repository\io\netty\netty-tcnative-boringssl-static\2.0.61.Final\netty-tcnative-boringssl-static-2.0.61.Final-osx-x86_64.jar;C:\Users\DEWISE SOLUTIONS\.m2\repository\io\netty\netty-tcnative-boringssl-static\2.0.61.Final\netty-tcnative-boringssl-static-2.0.61.Final-osx-aarch_64.jar;C:\Users\DEWISE SOLUTIONS\.m2\repository\io\netty\netty-tcnative-boringssl-static\2.0.61.Final\netty-tcnative-boringssl-static-2.0.61.Final-windows-x86_64.jar;C:\Users\DEWISE SOLUTIONS\.m2\repository\com\aayushatharva\brotli4j\brotli4j\1.12.0\brotli4j-1.12.0.jar;C:\Users\DEWISE SOLUTIONS\.m2\repository\com\aayushatharva\brotli4j\service\1.12.0\service-1.12.0.jar;C:\Users\DEWISE SOLUTIONS\.m2\repository\com\aayushatharva\brotli4j\native-windows-x86_64\1.12.0\native-windows-x86_64-1.12.0.jar;C:\Users\DEWISE SOLUTIONS\.m2\repository\org\apache\httpcomponents\httpclient\4.5.14\httpclient-4.5.14.jar;C:\Users\DEWISE SOLUTIONS\.m2\repository\org\apache\httpcomponents\httpcore\4.4.16\httpcore-4.4.16.jar;C:\Users\DEWISE SOLUTIONS\.m2\repository\commons-codec\commons-codec\1.16.0\commons-codec-1.16.0.jar;C:\Users\DEWISE SOLUTIONS\.m2\repository\ch\qos\logback\logback-classic\1.4.11\logback-classic-1.4.11.jar;C:\Users\DEWISE SOLUTIONS\.m2\repository\ch\qos\logback\logback-core\1.4.11\logback-core-1.4.11.jar;C:\Users\DEWISE SOLUTIONS\.m2\repository\org\slf4j\jcl-over-slf4j\2.0.9\jcl-over-slf4j-2.0.9.jar;C:\Users\DEWISE SOLUTIONS\.m2\repository\org\antlr\antlr4-runtime\4.11.1\antlr4-runtime-4.11.1.jar;C:\Users\DEWISE SOLUTIONS\.m2\repository\com\jayway\jsonpath\json-path\2.8.0\json-path-2.8.0.jar;C:\Users\DEWISE SOLUTIONS\.m2\repository\net\minidev\json-smart\2.4.10\json-smart-2.4.10.jar;C:\Users\DEWISE SOLUTIONS\.m2\repository\net\minidev\accessors-smart\2.4.9\accessors-smart-2.4.9.jar;C:\Users\DEWISE SOLUTIONS\.m2\repository\org\ow2\asm\asm\9.3\asm-9.3.jar;C:\Users\DEWISE SOLUTIONS\.m2\repository\org\yaml\snakeyaml\2.0\snakeyaml-2.0.jar;C:\Users\DEWISE SOLUTIONS\.m2\repository\de\siegmar\fastcsv\2.2.1\fastcsv-2.2.1.jar;C:\Users\DEWISE SOLUTIONS\.m2\repository\info\picocli\picocli\4.7.1\picocli-4.7.1.jar;C:\Users\DEWISE SOLUTIONS\.m2\repository\io\github\classgraph\classgraph\4.8.160\classgraph-4.8.160.jar;C:\Users\DEWISE SOLUTIONS\.m2\repository\io\github\t12y\resemble\1.0.2\resemble-1.0.2.jar;C:\Users\DEWISE SOLUTIONS\.m2\repository\io\github\t12y\ssim\1.0.0\ssim-1.0.0.jar;C:\Users\DEWISE SOLUTIONS\.m2\repository\org\junit\jupiter\junit-jupiter-api\5.9.3\junit-jupiter-api-5.9.3.jar;C:\Users\DEWISE SOLUTIONS\.m2\repository\org\opentest4j\opentest4j\1.2.0\opentest4j-1.2.0.jar;C:\Users\DEWISE SOLUTIONS\.m2\repository\org\junit\platform\junit-platform-commons\1.9.3\junit-platform-commons-1.9.3.jar;C:\Users\DEWISE SOLUTIONS\.m2\repository\org\apiguardian\apiguardian-api\1.1.2\apiguardian-api-1.1.2.jar;C:\Users\DEWISE SOLUTIONS\.m2\repository\org\junit\jupiter\junit-jupiter-engine\5.9.3\junit-jupiter-engine-5.9.3.jar;C:\Users\DEWISE SOLUTIONS\.m2\repository\org\junit\platform\junit-platform-engine\1.9.3\junit-platform-engine-1.9.3.jar;"/>
    <property name="sun.cpu.endian" value="little"/>
    <property name="user.home" value="C:\Users\DEWISE SOLUTIONS"/>
    <property name="user.language" value="en"/>
    <property name="java.specification.vendor" value="Oracle Corporation"/>
    <property name="java.version.date" value="2024-04-16"/>
    <property name="java.home" value="C:\Program Files\Java\jdk-11"/>
    <property name="file.separator" value="\"/>
    <property name="basedir" value="C:\Users\DEWISE SOLUTIONS\source\repos\viewall-karate"/>
    <property name="java.vm.compressedOopsMode" value="Zero based"/>
    <property name="line.separator" value="&#10;"/>
    <property name="java.specification.name" value="Java Platform API Specification"/>
    <property name="java.vm.specification.vendor" value="Oracle Corporation"/>
    <property name="java.awt.graphicsenv" value="sun.awt.Win32GraphicsEnvironment"/>
    <property name="surefire.real.class.path" value="C:\Users\DEWISE SOLUTIONS\AppData\Local\Temp\surefire3815823163654522044\surefirebooter-20240705151640793_3.jar"/>
    <property name="user.script" value=""/>
    <property name="sun.management.compiler" value="HotSpot 64-Bit Tiered Compilers"/>
    <property name="java.runtime.version" value="11.0.23+7-LTS-222"/>
    <property name="user.name" value="Dennis Migrino"/>
    <property name="path.separator" value=";"/>
    <property name="os.version" value="10.0"/>
    <property name="java.runtime.name" value="Java(TM) SE Runtime Environment"/>
    <property name="file.encoding" value="UTF-8"/>
    <property name="java.vm.name" value="Java HotSpot(TM) 64-Bit Server VM"/>
    <property name="java.vendor.version" value="18.9"/>
    <property name="localRepository" value="C:\Users\DEWISE SOLUTIONS\.m2\repository"/>
    <property name="java.vendor.url.bug" value="https://bugreport.java.com/bugreport/"/>
    <property name="java.io.tmpdir" value="C:\Users\DEWISE~1\AppData\Local\Temp\"/>
    <property name="java.version" value="11.0.23"/>
    <property name="user.dir" value="C:\Users\DEWISE SOLUTIONS\source\repos\viewall-karate"/>
    <property name="os.arch" value="amd64"/>
    <property name="java.vm.specification.name" value="Java Virtual Machine Specification"/>
    <property name="java.awt.printerjob" value="sun.awt.windows.WPrinterJob"/>
    <property name="sun.os.patch.level" value=""/>
    <property name="java.library.path" value="C:\Program Files\Java\jdk-11\bin;C:\Windows\Sun\Java\bin;C:\Windows\system32;C:\Windows;C:\Program Files\Common Files\Oracle\Java\javapath;C:\Windows\system32;C:\Windows;C:\Windows\System32\Wbem;C:\Windows\System32\WindowsPowerShell\v1.0\;C:\Windows\System32\OpenSSH\;C:\Program Files\Microsoft SQL Server\150\Tools\Binn\;C:\Program Files\Microsoft SQL Server\Client SDK\ODBC\170\Tools\Binn\;C:\Program Files\dotnet\;C:\Program Files\nodejs\;C:\Program Files\Git\cmd;C:\Program Files\Docker\Docker\resources\bin;C:\Program Files\Tailscale\;C:\Users\DEWISE SOLUTIONS\AppData\Local\Microsoft\WindowsApps;C:\Users\DEWISE SOLUTIONS\.dotnet\tools;C:\Users\DEWISE SOLUTIONS\AppData\Local\Programs\Microsoft VS Code\bin;C:\Users\DEWISE SOLUTIONS\AppData\Roaming\npm;C:\Program Files\Maven\apache-maven-3.9.8\bin;;."/>
    <property name="java.vendor" value="Oracle Corporation"/>
    <property name="java.vm.info" value="mixed mode"/>
    <property name="java.vm.version" value="11.0.23+7-LTS-222"/>
    <property name="java.specification.maintenance.version" value="2"/>
    <property name="sun.io.unicode.encoding" value="UnicodeLittle"/>
    <property name="java.class.version" value="55.0"/>
  </properties>
  <testcase name="testParallel" classname="viewall.ViewAllTest" time="23.735">
    <system-out><![CDATA[15:16:41.822 [main] DEBUG com.intuit.karate.Suite - [config] classpath:karate-config.js
15:16:41.828 [main] INFO  com.intuit.karate.Suite - backed up existing 'target\karate-reports' dir to: target\karate-reports_1720163801826
15:16:42.401 [main] INFO  com.intuit.karate - karate.env system property was: null 
15:16:42.407 [main] INFO  com.intuit.karate - >> lock acquired, begin callSingle: classpath:helpers/GetToken.feature
15:16:42.731 [main] DEBUG com.intuit.karate - request:
1 > POST https://dev-iam-viewall.westeurope.cloudapp.azure.com/realms/ViewAll/protocol/openid-connect/token
1 > Content-Type: application/x-www-form-urlencoded
1 > Content-Length: 126
1 > Host: dev-iam-viewall.westeurope.cloudapp.azure.com
1 > Connection: Keep-Alive
1 > User-Agent: Apache-HttpClient/4.5.14 (Java/11.0.23)
1 > Accept-Encoding: gzip,deflate
grant_type=password&client_id=ViewAll.WebApp&username=dbmigrino%40gmail.com&scope=email+profile+openid&password=Gr33nT34%21234

15:16:43.656 [main] DEBUG com.intuit.karate - response time in milliseconds: 922
1 < 200
1 < Cache-Control: no-store
1 < Pragma: no-cache
1 < Set-Cookie: KEYCLOAK_LOCALE=; Version=1; Comment=Expiring cookie; Expires=Thu, 01-Jan-1970 00:00:10 GMT; Max-Age=0; Path=/realms/ViewAll/; Secure; HttpOnly
1 < Set-Cookie: KC_RESTART=; Version=1; Expires=Thu, 01-Jan-1970 00:00:10 GMT; Max-Age=0; Path=/realms/ViewAll/; Secure; HttpOnly
1 < Set-Cookie: KC_AUTH_STATE=; Version=1; Expires=Thu, 01-Jan-1970 00:00:10 GMT; Max-Age=0; Path=/realms/ViewAll/; Secure
1 < content-length: 3931
1 < Content-Type: application/json
1 < Referrer-Policy: no-referrer
1 < Strict-Transport-Security: max-age=31536000; includeSubDomains
1 < X-Content-Type-Options: nosniff
1 < X-Frame-Options: SAMEORIGIN
1 < X-XSS-Protection: 1; mode=block
{"access_token":"eyJhbGciOiJSUzI1NiIsInR5cCIgOiAiSldUIiwia2lkIiA6ICJZVzZnZTkxakpPZnZjWm9obkJmS1FCZnlLLTFKVE9Fa2h6N2lscVk3OS0wIn0.eyJleHAiOjE3MjAyNTAyMDQsImlhdCI6MTcyMDE2MzgwNCwianRpIjoiOTc3ZWU2YzctZGRmYi00OTQ0LTgzZjQtZGJkYWNhYTQwY2E5IiwiaXNzIjoiaHR0cHM6Ly9kZXYtaWFtLXZpZXdhbGwud2VzdGV1cm9wZS5jbG91ZGFwcC5henVyZS5jb20vcmVhbG1zL1ZpZXdBbGwiLCJhdWQiOiJhY2NvdW50Iiwic3ViIjoiMzJjYTZlYWYtOTQyZC00MDZiLWIxMTYtNTE2NTE1MTI0M2VhIiwidHlwIjoiQmVhcmVyIiwiYXpwIjoiVmlld0FsbC5XZWJBcHAiLCJzZXNzaW9uX3N0YXRlIjoiYjc4YWJlMDgtYTcwZS00NDgxLTk2N2ItOTU2MDU5NjlkOTI0IiwiYWNyIjoiMSIsImFsbG93ZWQtb3JpZ2lucyI6WyJodHRwczovL3BhZ3N1Ym9rLnZpZXdhbGwuZGsiLCJodHRwczovL2xvY2FsaG9zdDozMDAwIiwiaHR0cHM6Ly9sb2NhbGhvc3Q6NzI4MS8qIiwiaHR0cDovL2xvY2FsaG9zdDozMDAwLyoiLCJodHRwczovL2Rldi1pYW0tdmlld2FsbC53ZXN0ZXVyb3BlLmNsb3VkYXBwLmF6dXJlLmNvbSIsImh0dHA6Ly9sb2NhbGhvc3Q6MzAwMS8qIiwiaHR0cDovL2xvY2FsaG9zdDozMDAxIiwiaHR0cDovL2xvY2FsaG9zdDozMDAwIiwiaHR0cHM6Ly9sb2NhbGhvc3Q6MzAwMC8qIl0sInNjb3BlIjoib3BlbmlkIGVtYWlsIHByb2ZpbGUiLCJzaWQiOiJiNzhhYmUwOC1hNzBlLTQ0ODEtOTY3Yi05NTYwNTk2OWQ5MjQiLCJlbWFpbF92ZXJpZmllZCI6dHJ1ZSwiZG9iIjoiMTktMDQtMTk5NSIsInJvbGVzIjpbImRlZmF1bHQtcm9sZXMtdmlld2FsbCIsIm9mZmxpbmVfYWNjZXNzIiwidW1hX2F1dGhvcml6YXRpb24iXSwibmFtZSI6IkFsYnVzIER1bWJsZWRvcmUiLCJwcmVmZXJyZWRfdXNlcm5hbWUiOiJkYm1pZ3Jpbm9AZ21haWwuY29tIiwiZ2l2ZW5fbmFtZSI6IkFsYnVzIiwiZmFtaWx5X25hbWUiOiJEdW1ibGVkb3JlIiwiZW1haWwiOiJkYm1pZ3Jpbm9AZ21haWwuY29tIn0.cbCwXvL9P6IuudE5TGovbzB81a1DViID-BCOsBGkNxgKdvYjzY7znWPpofFgXUlPvnwaxsDwEm8idozBir1YmZ1kkmUGEvXX4daDcbghMdrfHS8LI-MQ7hlL1vuj-X3jTd7b3Rc3qAijTNmwYEbnTM7YXARkR0GLHGyKVGGqsNPTCLZFSKF79haFJ2R6cnuLTiUn8wzQz6Tj8290gJRE38bD43TsX_Nth82zFP-tgLFrQfvF8AxcEVnwXzQ6eCQqDAyef9ArdjUDJY7swAiM6cPFZFNXHxy8c8aDhybXdntvrpF6vEs57-44GeCBt2l4ih0V4zWMxR8Gp4oaj36dRg","expires_in":86400,"refresh_expires_in":86400,"refresh_token":"eyJhbGciOiJIUzI1NiIsInR5cCIgOiAiSldUIiwia2lkIiA6ICI3OGFiMzk4NS1mNjRlLTRjZTktOGQ4MC00YTJiYTRkNGE1YWIifQ.eyJleHAiOjE3MjAyNTAyMDQsImlhdCI6MTcyMDE2MzgwNCwianRpIjoiMjA4YTUwMGEtZTA1NS00YjE5LTliYjktMGIyMjFlNTY4OTJhIiwiaXNzIjoiaHR0cHM6Ly9kZXYtaWFtLXZpZXdhbGwud2VzdGV1cm9wZS5jbG91ZGFwcC5henVyZS5jb20vcmVhbG1zL1ZpZXdBbGwiLCJhdWQiOiJodHRwczovL2Rldi1pYW0tdmlld2FsbC53ZXN0ZXVyb3BlLmNsb3VkYXBwLmF6dXJlLmNvbS9yZWFsbXMvVmlld0FsbCIsInN1YiI6IjMyY2E2ZWFmLTk0MmQtNDA2Yi1iMTE2LTUxNjUxNTEyNDNlYSIsInR5cCI6IlJlZnJlc2giLCJhenAiOiJWaWV3QWxsLldlYkFwcCIsInNlc3Npb25fc3RhdGUiOiJiNzhhYmUwOC1hNzBlLTQ0ODEtOTY3Yi05NTYwNTk2OWQ5MjQiLCJzY29wZSI6Im9wZW5pZCBlbWFpbCBwcm9maWxlIiwic2lkIjoiYjc4YWJlMDgtYTcwZS00NDgxLTk2N2ItOTU2MDU5NjlkOTI0In0.0OZ6GQL_YpLgbwFN97wqbgL8YaJGCyYIXl7DUndrhOM","token_type":"Bearer","id_token":"eyJhbGciOiJSUzI1NiIsInR5cCIgOiAiSldUIiwia2lkIiA6ICJZVzZnZTkxakpPZnZjWm9obkJmS1FCZnlLLTFKVE9Fa2h6N2lscVk3OS0wIn0.eyJleHAiOjE3MjAyNTAyMDQsImlhdCI6MTcyMDE2MzgwNCwiYXV0aF90aW1lIjowLCJqdGkiOiI0NWE3YWQ4NC0zMzY0LTRjNTctYTdiYy02YWRkN2JhNzU4MGEiLCJpc3MiOiJodHRwczovL2Rldi1pYW0tdmlld2FsbC53ZXN0ZXVyb3BlLmNsb3VkYXBwLmF6dXJlLmNvbS9yZWFsbXMvVmlld0FsbCIsImF1ZCI6IlZpZXdBbGwuV2ViQXBwIiwic3ViIjoiMzJjYTZlYWYtOTQyZC00MDZiLWIxMTYtNTE2NTE1MTI0M2VhIiwidHlwIjoiSUQiLCJhenAiOiJWaWV3QWxsLldlYkFwcCIsInNlc3Npb25fc3RhdGUiOiJiNzhhYmUwOC1hNzBlLTQ0ODEtOTY3Yi05NTYwNTk2OWQ5MjQiLCJhdF9oYXNoIjoicWtpc043MEFORFYzcElGN0dwcHhfQSIsImFjciI6IjEiLCJzaWQiOiJiNzhhYmUwOC1hNzBlLTQ0ODEtOTY3Yi05NTYwNTk2OWQ5MjQiLCJlbWFpbF92ZXJpZmllZCI6dHJ1ZSwibmFtZSI6IkFsYnVzIER1bWJsZWRvcmUiLCJwcmVmZXJyZWRfdXNlcm5hbWUiOiJkYm1pZ3Jpbm9AZ21haWwuY29tIiwiZ2l2ZW5fbmFtZSI6IkFsYnVzIiwiZmFtaWx5X25hbWUiOiJEdW1ibGVkb3JlIiwiZW1haWwiOiJkYm1pZ3Jpbm9AZ21haWwuY29tIn0.k0hqYG_fsh-855SPm7Wc9bMNOq_fak0cYzR6Ef3Cl5vwdVIzA9EBa0WAvZKKIWZznllhyv6x9XyMUW5JQ0ErhNoqjUpjPDILdrLL20_YulsfX3jZciG8zdTL2vNaY4lYcW7JbQ9ECcgjTnd4P7tXCOBVAxv9GyuOMlyMJQP6qDaRGAjyqMZSts4_I2wk16QXCYqnGwwaD1det9rh6ki5k1EUZdv8i6VUspSQWe6Si6ByLGc_dlh13gD1-pkqrOuFSPd2qtAQQUPLgQOf9_TcTkicENmJkO1TH3NHJUOhKhKPwY6mouvjXIMXtXTbOaaasp47giIF6vHO_iZvAd7RYw","not-before-policy":1706094525,"session_state":"b78abe08-a70e-4481-967b-95605969d924","scope":"openid email profile"}

15:16:43.664 [main] INFO  com.intuit.karate - << lock released, cached callSingle: classpath:helpers/GetToken.feature
15:16:43.695 [main] DEBUG com.intuit.karate - request:
1 > POST https://api-pagsubok.viewall.dk/api/v1/business-ownerships
1 > Authorization: Bearer eyJhbGciOiJSUzI1NiIsInR5cCIgOiAiSldUIiwia2lkIiA6ICJZVzZnZTkxakpPZnZjWm9obkJmS1FCZnlLLTFKVE9Fa2h6N2lscVk3OS0wIn0.eyJleHAiOjE3MjAyNTAyMDQsImlhdCI6MTcyMDE2MzgwNCwianRpIjoiOTc3ZWU2YzctZGRmYi00OTQ0LTgzZjQtZGJkYWNhYTQwY2E5IiwiaXNzIjoiaHR0cHM6Ly9kZXYtaWFtLXZpZXdhbGwud2VzdGV1cm9wZS5jbG91ZGFwcC5henVyZS5jb20vcmVhbG1zL1ZpZXdBbGwiLCJhdWQiOiJhY2NvdW50Iiwic3ViIjoiMzJjYTZlYWYtOTQyZC00MDZiLWIxMTYtNTE2NTE1MTI0M2VhIiwidHlwIjoiQmVhcmVyIiwiYXpwIjoiVmlld0FsbC5XZWJBcHAiLCJzZXNzaW9uX3N0YXRlIjoiYjc4YWJlMDgtYTcwZS00NDgxLTk2N2ItOTU2MDU5NjlkOTI0IiwiYWNyIjoiMSIsImFsbG93ZWQtb3JpZ2lucyI6WyJodHRwczovL3BhZ3N1Ym9rLnZpZXdhbGwuZGsiLCJodHRwczovL2xvY2FsaG9zdDozMDAwIiwiaHR0cHM6Ly9sb2NhbGhvc3Q6NzI4MS8qIiwiaHR0cDovL2xvY2FsaG9zdDozMDAwLyoiLCJodHRwczovL2Rldi1pYW0tdmlld2FsbC53ZXN0ZXVyb3BlLmNsb3VkYXBwLmF6dXJlLmNvbSIsImh0dHA6Ly9sb2NhbGhvc3Q6MzAwMS8qIiwiaHR0cDovL2xvY2FsaG9zdDozMDAxIiwiaHR0cDovL2xvY2FsaG9zdDozMDAwIiwiaHR0cHM6Ly9sb2NhbGhvc3Q6MzAwMC8qIl0sInNjb3BlIjoib3BlbmlkIGVtYWlsIHByb2ZpbGUiLCJzaWQiOiJiNzhhYmUwOC1hNzBlLTQ0ODEtOTY3Yi05NTYwNTk2OWQ5MjQiLCJlbWFpbF92ZXJpZmllZCI6dHJ1ZSwiZG9iIjoiMTktMDQtMTk5NSIsInJvbGVzIjpbImRlZmF1bHQtcm9sZXMtdmlld2FsbCIsIm9mZmxpbmVfYWNjZXNzIiwidW1hX2F1dGhvcml6YXRpb24iXSwibmFtZSI6IkFsYnVzIER1bWJsZWRvcmUiLCJwcmVmZXJyZWRfdXNlcm5hbWUiOiJkYm1pZ3Jpbm9AZ21haWwuY29tIiwiZ2l2ZW5fbmFtZSI6IkFsYnVzIiwiZmFtaWx5X25hbWUiOiJEdW1ibGVkb3JlIiwiZW1haWwiOiJkYm1pZ3Jpbm9AZ21haWwuY29tIn0.cbCwXvL9P6IuudE5TGovbzB81a1DViID-BCOsBGkNxgKdvYjzY7znWPpofFgXUlPvnwaxsDwEm8idozBir1YmZ1kkmUGEvXX4daDcbghMdrfHS8LI-MQ7hlL1vuj-X3jTd7b3Rc3qAijTNmwYEbnTM7YXARkR0GLHGyKVGGqsNPTCLZFSKF79haFJ2R6cnuLTiUn8wzQz6Tj8290gJRE38bD43TsX_Nth82zFP-tgLFrQfvF8AxcEVnwXzQ6eCQqDAyef9ArdjUDJY7swAiM6cPFZFNXHxy8c8aDhybXdntvrpF6vEs57-44GeCBt2l4ih0V4zWMxR8Gp4oaj36dRg
1 > Content-Type: application/json; charset=UTF-8
1 > Content-Length: 238
1 > Host: api-pagsubok.viewall.dk
1 > Connection: Keep-Alive
1 > User-Agent: Apache-HttpClient/4.5.14 (Java/11.0.23)
1 > Accept-Encoding: gzip,deflate
{"name":"BO Karate API Test","vatNumber":"12345678","companyValue":"#(estimated_value)","estimatedValue":"#(estimated_value)","ownershipPercentage":"#(ownership_pct)","amountSaved":"#(parseInt(estimated_value) * parseInt(ownership_pct))"}

15:16:44.709 [main] DEBUG com.intuit.karate - response time in milliseconds: 1013
1 < 400
1 < content-length: 772
1 < content-type: application/problem+json; charset=utf-8
1 < date: Fri, 05 Jul 2024 07:16:44 GMT
1 < server: Kestrel
1 < request-context: appId=cid-v1:3fd22e07-3840-4488-be75-bfd2a37f8f04
1 < x-frame-options: SAMEORIGIN
1 < x-content-type-options: nosniff
1 < strict-transport-security: max-age=31536000; includeSubDomains
1 < x-xss-protection: 1; mode=block
1 < referrer-policy: strict-origin
1 < permissions-policy: accelerometer=(); camera=(); geolocation=(); gyroscope=(); magnetometer=(); microphone=(); payment=(); usb=()
1 < content-security-policy: default-src 'none';
{"errors":{"request":["The request field is required."],"amountSaved":["Could not convert string to decimal: #(parseInt(estimated_value) * parseInt(ownership_pct)). Path 'amountSaved', line 1, position 237."],"companyValue":["Could not convert string to decimal: #(estimated_value). Path 'companyValue', line 1, position 87."],"estimatedValue":["Could not convert string to decimal: #(estimated_value). Path 'estimatedValue', line 1, position 125."],"ownershipPercentage":["Could not convert string to decimal: #(ownership_pct). Path 'ownershipPercentage', line 1, position 166."]},"type":"https://tools.ietf.org/html/rfc7231#section-6.5.1","title":"One or more validation errors occurred.","status":400,"traceId":"00-3342a0dcb64ae2de34d368800eae49bf-760db15c12b6d33c-00"}

---------------------------------------------------------
feature: classpath:viewall/features/CreateBusinessOwnership.feature
scenarios:  1 | passed:  1 | failed:  0 | time: 1.0442
---------------------------------------------------------

15:16:45.121 [main] INFO  com.intuit.karate.Suite - <<pass>> feature 1 of 5 (0 remaining) classpath:viewall/features/CreateBusinessOwnership.feature
15:16:45.126 [main] INFO  com.intuit.karate - karate.env system property was: null 
15:16:45.130 [main] DEBUG com.intuit.karate - request:
1 > POST https://api-pagsubok.viewall.dk/api/v1/investments
1 > Authorization: Bearer eyJhbGciOiJSUzI1NiIsInR5cCIgOiAiSldUIiwia2lkIiA6ICJZVzZnZTkxakpPZnZjWm9obkJmS1FCZnlLLTFKVE9Fa2h6N2lscVk3OS0wIn0.eyJleHAiOjE3MjAyNTAyMDQsImlhdCI6MTcyMDE2MzgwNCwianRpIjoiOTc3ZWU2YzctZGRmYi00OTQ0LTgzZjQtZGJkYWNhYTQwY2E5IiwiaXNzIjoiaHR0cHM6Ly9kZXYtaWFtLXZpZXdhbGwud2VzdGV1cm9wZS5jbG91ZGFwcC5henVyZS5jb20vcmVhbG1zL1ZpZXdBbGwiLCJhdWQiOiJhY2NvdW50Iiwic3ViIjoiMzJjYTZlYWYtOTQyZC00MDZiLWIxMTYtNTE2NTE1MTI0M2VhIiwidHlwIjoiQmVhcmVyIiwiYXpwIjoiVmlld0FsbC5XZWJBcHAiLCJzZXNzaW9uX3N0YXRlIjoiYjc4YWJlMDgtYTcwZS00NDgxLTk2N2ItOTU2MDU5NjlkOTI0IiwiYWNyIjoiMSIsImFsbG93ZWQtb3JpZ2lucyI6WyJodHRwczovL3BhZ3N1Ym9rLnZpZXdhbGwuZGsiLCJodHRwczovL2xvY2FsaG9zdDozMDAwIiwiaHR0cHM6Ly9sb2NhbGhvc3Q6NzI4MS8qIiwiaHR0cDovL2xvY2FsaG9zdDozMDAwLyoiLCJodHRwczovL2Rldi1pYW0tdmlld2FsbC53ZXN0ZXVyb3BlLmNsb3VkYXBwLmF6dXJlLmNvbSIsImh0dHA6Ly9sb2NhbGhvc3Q6MzAwMS8qIiwiaHR0cDovL2xvY2FsaG9zdDozMDAxIiwiaHR0cDovL2xvY2FsaG9zdDozMDAwIiwiaHR0cHM6Ly9sb2NhbGhvc3Q6MzAwMC8qIl0sInNjb3BlIjoib3BlbmlkIGVtYWlsIHByb2ZpbGUiLCJzaWQiOiJiNzhhYmUwOC1hNzBlLTQ0ODEtOTY3Yi05NTYwNTk2OWQ5MjQiLCJlbWFpbF92ZXJpZmllZCI6dHJ1ZSwiZG9iIjoiMTktMDQtMTk5NSIsInJvbGVzIjpbImRlZmF1bHQtcm9sZXMtdmlld2FsbCIsIm9mZmxpbmVfYWNjZXNzIiwidW1hX2F1dGhvcml6YXRpb24iXSwibmFtZSI6IkFsYnVzIER1bWJsZWRvcmUiLCJwcmVmZXJyZWRfdXNlcm5hbWUiOiJkYm1pZ3Jpbm9AZ21haWwuY29tIiwiZ2l2ZW5fbmFtZSI6IkFsYnVzIiwiZmFtaWx5X25hbWUiOiJEdW1ibGVkb3JlIiwiZW1haWwiOiJkYm1pZ3Jpbm9AZ21haWwuY29tIn0.cbCwXvL9P6IuudE5TGovbzB81a1DViID-BCOsBGkNxgKdvYjzY7znWPpofFgXUlPvnwaxsDwEm8idozBir1YmZ1kkmUGEvXX4daDcbghMdrfHS8LI-MQ7hlL1vuj-X3jTd7b3Rc3qAijTNmwYEbnTM7YXARkR0GLHGyKVGGqsNPTCLZFSKF79haFJ2R6cnuLTiUn8wzQz6Tj8290gJRE38bD43TsX_Nth82zFP-tgLFrQfvF8AxcEVnwXzQ6eCQqDAyef9ArdjUDJY7swAiM6cPFZFNXHxy8c8aDhybXdntvrpF6vEs57-44GeCBt2l4ih0V4zWMxR8Gp4oaj36dRg
1 > Content-Type: application/json; charset=UTF-8
1 > Content-Length: 227
1 > Host: api-pagsubok.viewall.dk
1 > Connection: Keep-Alive
1 > User-Agent: Apache-HttpClient/4.5.14 (Java/11.0.23)
1 > Accept-Encoding: gzip,deflate
{"categoryId":"#(categoryId)","depotId":10,"description":"#(description)","quantity":1,"purchasePriceAvg":1,"currentPrice":"#(currentValue)","currencyCode":"DKK","investedPrivately":1,"insref":6706046,"notes":"Karate API Test"}

15:16:46.118 [main] DEBUG com.intuit.karate - response time in milliseconds: 987
1 < 400
1 < content-length: 485
1 < content-type: application/problem+json; charset=utf-8
1 < date: Fri, 05 Jul 2024 07:16:46 GMT
1 < server: Kestrel
1 < request-context: appId=cid-v1:3fd22e07-3840-4488-be75-bfd2a37f8f04
1 < x-frame-options: SAMEORIGIN
1 < x-content-type-options: nosniff
1 < strict-transport-security: max-age=31536000; includeSubDomains
1 < x-xss-protection: 1; mode=block
1 < referrer-policy: strict-origin
1 < permissions-policy: accelerometer=(); camera=(); geolocation=(); gyroscope=(); magnetometer=(); microphone=(); payment=(); usb=()
1 < content-security-policy: default-src 'none';
{"errors":{"request":["The request field is required."],"categoryId":["Error converting value \"#(categoryId)\" to type 'System.Int64'. Path 'categoryId', line 1, position 29."],"currentPrice":["Could not convert string to decimal: #(currentValue). Path 'currentPrice', line 1, position 140."]},"type":"https://tools.ietf.org/html/rfc7231#section-6.5.1","title":"One or more validation errors occurred.","status":400,"traceId":"00-e092d3ce449c73a5a05fd06b82f56074-277cd11d4b95e073-00"}

---------------------------------------------------------
feature: classpath:viewall/features/CreateInvestment.feature
scenarios:  1 | passed:  1 | failed:  0 | time: 0.9928
---------------------------------------------------------

15:16:46.165 [main] INFO  com.intuit.karate.Suite - <<pass>> feature 2 of 5 (0 remaining) classpath:viewall/features/CreateInvestment.feature
15:16:46.169 [main] INFO  com.intuit.karate - karate.env system property was: null 
15:16:46.173 [main] DEBUG com.intuit.karate - request:
1 > POST https://api-pagsubok.viewall.dk/api/v1/properties
1 > Authorization: Bearer eyJhbGciOiJSUzI1NiIsInR5cCIgOiAiSldUIiwia2lkIiA6ICJZVzZnZTkxakpPZnZjWm9obkJmS1FCZnlLLTFKVE9Fa2h6N2lscVk3OS0wIn0.eyJleHAiOjE3MjAyNTAyMDQsImlhdCI6MTcyMDE2MzgwNCwianRpIjoiOTc3ZWU2YzctZGRmYi00OTQ0LTgzZjQtZGJkYWNhYTQwY2E5IiwiaXNzIjoiaHR0cHM6Ly9kZXYtaWFtLXZpZXdhbGwud2VzdGV1cm9wZS5jbG91ZGFwcC5henVyZS5jb20vcmVhbG1zL1ZpZXdBbGwiLCJhdWQiOiJhY2NvdW50Iiwic3ViIjoiMzJjYTZlYWYtOTQyZC00MDZiLWIxMTYtNTE2NTE1MTI0M2VhIiwidHlwIjoiQmVhcmVyIiwiYXpwIjoiVmlld0FsbC5XZWJBcHAiLCJzZXNzaW9uX3N0YXRlIjoiYjc4YWJlMDgtYTcwZS00NDgxLTk2N2ItOTU2MDU5NjlkOTI0IiwiYWNyIjoiMSIsImFsbG93ZWQtb3JpZ2lucyI6WyJodHRwczovL3BhZ3N1Ym9rLnZpZXdhbGwuZGsiLCJodHRwczovL2xvY2FsaG9zdDozMDAwIiwiaHR0cHM6Ly9sb2NhbGhvc3Q6NzI4MS8qIiwiaHR0cDovL2xvY2FsaG9zdDozMDAwLyoiLCJodHRwczovL2Rldi1pYW0tdmlld2FsbC53ZXN0ZXVyb3BlLmNsb3VkYXBwLmF6dXJlLmNvbSIsImh0dHA6Ly9sb2NhbGhvc3Q6MzAwMS8qIiwiaHR0cDovL2xvY2FsaG9zdDozMDAxIiwiaHR0cDovL2xvY2FsaG9zdDozMDAwIiwiaHR0cHM6Ly9sb2NhbGhvc3Q6MzAwMC8qIl0sInNjb3BlIjoib3BlbmlkIGVtYWlsIHByb2ZpbGUiLCJzaWQiOiJiNzhhYmUwOC1hNzBlLTQ0ODEtOTY3Yi05NTYwNTk2OWQ5MjQiLCJlbWFpbF92ZXJpZmllZCI6dHJ1ZSwiZG9iIjoiMTktMDQtMTk5NSIsInJvbGVzIjpbImRlZmF1bHQtcm9sZXMtdmlld2FsbCIsIm9mZmxpbmVfYWNjZXNzIiwidW1hX2F1dGhvcml6YXRpb24iXSwibmFtZSI6IkFsYnVzIER1bWJsZWRvcmUiLCJwcmVmZXJyZWRfdXNlcm5hbWUiOiJkYm1pZ3Jpbm9AZ21haWwuY29tIiwiZ2l2ZW5fbmFtZSI6IkFsYnVzIiwiZmFtaWx5X25hbWUiOiJEdW1ibGVkb3JlIiwiZW1haWwiOiJkYm1pZ3Jpbm9AZ21haWwuY29tIn0.cbCwXvL9P6IuudE5TGovbzB81a1DViID-BCOsBGkNxgKdvYjzY7znWPpofFgXUlPvnwaxsDwEm8idozBir1YmZ1kkmUGEvXX4daDcbghMdrfHS8LI-MQ7hlL1vuj-X3jTd7b3Rc3qAijTNmwYEbnTM7YXARkR0GLHGyKVGGqsNPTCLZFSKF79haFJ2R6cnuLTiUn8wzQz6Tj8290gJRE38bD43TsX_Nth82zFP-tgLFrQfvF8AxcEVnwXzQ6eCQqDAyef9ArdjUDJY7swAiM6cPFZFNXHxy8c8aDhybXdntvrpF6vEs57-44GeCBt2l4ih0V4zWMxR8Gp4oaj36dRg
1 > Content-Type: application/json; charset=UTF-8
1 > Content-Length: 211
1 > Host: api-pagsubok.viewall.dk
1 > Connection: Keep-Alive
1 > User-Agent: Apache-HttpClient/4.5.14 (Java/11.0.23)
1 > Accept-Encoding: gzip,deflate
{"typeId":"#(property_type_id)","addressStreet":"RE Karate API Test","cityZipCode":"2000","countryCode":"DK","valueEstimated":"#(value_estimated)","ownershipPercent":"#(ownership_pct)","mortgages":[],"loans":[]}

15:16:47.024 [main] DEBUG com.intuit.karate - response time in milliseconds: 850
1 < 400
1 < content-length: 602
1 < content-type: application/problem+json; charset=utf-8
1 < date: Fri, 05 Jul 2024 07:16:46 GMT
1 < server: Kestrel
1 < request-context: appId=cid-v1:3fd22e07-3840-4488-be75-bfd2a37f8f04
1 < x-frame-options: SAMEORIGIN
1 < x-content-type-options: nosniff
1 < strict-transport-security: max-age=31536000; includeSubDomains
1 < x-xss-protection: 1; mode=block
1 < referrer-policy: strict-origin
1 < permissions-policy: accelerometer=(); camera=(); geolocation=(); gyroscope=(); magnetometer=(); microphone=(); payment=(); usb=()
1 < content-security-policy: default-src 'none';
{"errors":{"typeId":["Could not convert string to integer: #(property_type_id). Path 'typeId', line 1, position 31."],"request":["The request field is required."],"valueEstimated":["Could not convert string to decimal: #(value_estimated). Path 'valueEstimated', line 1, position 146."],"ownershipPercent":["Could not convert string to decimal: #(ownership_pct). Path 'ownershipPercent', line 1, position 184."]},"type":"https://tools.ietf.org/html/rfc7231#section-6.5.1","title":"One or more validation errors occurred.","status":400,"traceId":"00-2b15450d98b44d2e0ae8681b6b371994-f5e15ce57d270aed-00"}

---------------------------------------------------------
feature: classpath:viewall/features/CreateRealEstate.feature
scenarios:  1 | passed:  1 | failed:  0 | time: 0.8569
---------------------------------------------------------

15:16:47.059 [main] INFO  com.intuit.karate.Suite - <<pass>> feature 3 of 5 (0 remaining) classpath:viewall/features/CreateRealEstate.feature
15:16:47.063 [main] INFO  com.intuit.karate - karate.env system property was: null 
15:16:47.067 [main] DEBUG com.intuit.karate - request:
1 > POST https://api-pagsubok.viewall.dk/api/v1/wealth-savings
1 > Authorization: Bearer eyJhbGciOiJSUzI1NiIsInR5cCIgOiAiSldUIiwia2lkIiA6ICJZVzZnZTkxakpPZnZjWm9obkJmS1FCZnlLLTFKVE9Fa2h6N2lscVk3OS0wIn0.eyJleHAiOjE3MjAyNTAyMDQsImlhdCI6MTcyMDE2MzgwNCwianRpIjoiOTc3ZWU2YzctZGRmYi00OTQ0LTgzZjQtZGJkYWNhYTQwY2E5IiwiaXNzIjoiaHR0cHM6Ly9kZXYtaWFtLXZpZXdhbGwud2VzdGV1cm9wZS5jbG91ZGFwcC5henVyZS5jb20vcmVhbG1zL1ZpZXdBbGwiLCJhdWQiOiJhY2NvdW50Iiwic3ViIjoiMzJjYTZlYWYtOTQyZC00MDZiLWIxMTYtNTE2NTE1MTI0M2VhIiwidHlwIjoiQmVhcmVyIiwiYXpwIjoiVmlld0FsbC5XZWJBcHAiLCJzZXNzaW9uX3N0YXRlIjoiYjc4YWJlMDgtYTcwZS00NDgxLTk2N2ItOTU2MDU5NjlkOTI0IiwiYWNyIjoiMSIsImFsbG93ZWQtb3JpZ2lucyI6WyJodHRwczovL3BhZ3N1Ym9rLnZpZXdhbGwuZGsiLCJodHRwczovL2xvY2FsaG9zdDozMDAwIiwiaHR0cHM6Ly9sb2NhbGhvc3Q6NzI4MS8qIiwiaHR0cDovL2xvY2FsaG9zdDozMDAwLyoiLCJodHRwczovL2Rldi1pYW0tdmlld2FsbC53ZXN0ZXVyb3BlLmNsb3VkYXBwLmF6dXJlLmNvbSIsImh0dHA6Ly9sb2NhbGhvc3Q6MzAwMS8qIiwiaHR0cDovL2xvY2FsaG9zdDozMDAxIiwiaHR0cDovL2xvY2FsaG9zdDozMDAwIiwiaHR0cHM6Ly9sb2NhbGhvc3Q6MzAwMC8qIl0sInNjb3BlIjoib3BlbmlkIGVtYWlsIHByb2ZpbGUiLCJzaWQiOiJiNzhhYmUwOC1hNzBlLTQ0ODEtOTY3Yi05NTYwNTk2OWQ5MjQiLCJlbWFpbF92ZXJpZmllZCI6dHJ1ZSwiZG9iIjoiMTktMDQtMTk5NSIsInJvbGVzIjpbImRlZmF1bHQtcm9sZXMtdmlld2FsbCIsIm9mZmxpbmVfYWNjZXNzIiwidW1hX2F1dGhvcml6YXRpb24iXSwibmFtZSI6IkFsYnVzIER1bWJsZWRvcmUiLCJwcmVmZXJyZWRfdXNlcm5hbWUiOiJkYm1pZ3Jpbm9AZ21haWwuY29tIiwiZ2l2ZW5fbmFtZSI6IkFsYnVzIiwiZmFtaWx5X25hbWUiOiJEdW1ibGVkb3JlIiwiZW1haWwiOiJkYm1pZ3Jpbm9AZ21haWwuY29tIn0.cbCwXvL9P6IuudE5TGovbzB81a1DViID-BCOsBGkNxgKdvYjzY7znWPpofFgXUlPvnwaxsDwEm8idozBir1YmZ1kkmUGEvXX4daDcbghMdrfHS8LI-MQ7hlL1vuj-X3jTd7b3Rc3qAijTNmwYEbnTM7YXARkR0GLHGyKVGGqsNPTCLZFSKF79haFJ2R6cnuLTiUn8wzQz6Tj8290gJRE38bD43TsX_Nth82zFP-tgLFrQfvF8AxcEVnwXzQ6eCQqDAyef9ArdjUDJY7swAiM6cPFZFNXHxy8c8aDhybXdntvrpF6vEs57-44GeCBt2l4ih0V4zWMxR8Gp4oaj36dRg
1 > Content-Type: application/json; charset=UTF-8
1 > Content-Length: 182
1 > Host: api-pagsubok.viewall.dk
1 > Connection: Keep-Alive
1 > User-Agent: Apache-HttpClient/4.5.14 (Java/11.0.23)
1 > Accept-Encoding: gzip,deflate
{"description":"#(description)","currentValue":"#(current_value)","ownershipPercentage":"#(ownership_pct)","amountSaved":800,"includePensionCalculation":"#(include_in_pension_calc)"}

15:16:47.906 [main] DEBUG com.intuit.karate - response time in milliseconds: 838
1 < 400
1 < content-length: 647
1 < content-type: application/problem+json; charset=utf-8
1 < date: Fri, 05 Jul 2024 07:16:48 GMT
1 < server: Kestrel
1 < request-context: appId=cid-v1:3fd22e07-3840-4488-be75-bfd2a37f8f04
1 < x-frame-options: SAMEORIGIN
1 < x-content-type-options: nosniff
1 < strict-transport-security: max-age=31536000; includeSubDomains
1 < x-xss-protection: 1; mode=block
1 < referrer-policy: strict-origin
1 < permissions-policy: accelerometer=(); camera=(); geolocation=(); gyroscope=(); magnetometer=(); microphone=(); payment=(); usb=()
1 < content-security-policy: default-src 'none';
{"errors":{"request":["The request field is required."],"currentValue":["Could not convert string to decimal: #(current_value). Path 'currentValue', line 1, position 65."],"ownershipPercentage":["Could not convert string to decimal: #(ownership_pct). Path 'ownershipPercentage', line 1, position 106."],"includePensionCalculation":["Could not convert string to boolean: #(include_in_pension_calc). Path 'includePensionCalculation', line 1, position 181."]},"type":"https://tools.ietf.org/html/rfc7231#section-6.5.1","title":"One or more validation errors occurred.","status":400,"traceId":"00-23b35ba4dd37e9df5465f8180101b397-1605fc30befa5b50-00"}

---------------------------------------------------------
feature: classpath:viewall/features/CreateWealthSavings.feature
scenarios:  1 | passed:  1 | failed:  0 | time: 0.8432
---------------------------------------------------------

15:16:47.938 [main] INFO  com.intuit.karate.Suite - <<pass>> feature 4 of 5 (0 remaining) classpath:viewall/features/CreateWealthSavings.feature
15:16:47.942 [main] INFO  com.intuit.karate - karate.env system property was: null 
15:16:47.964 [main] DEBUG com.intuit.karate - request:
1 > POST https://api-pagsubok.viewall.dk/api/v1/business-ownerships
1 > Authorization: Bearer eyJhbGciOiJSUzI1NiIsInR5cCIgOiAiSldUIiwia2lkIiA6ICJZVzZnZTkxakpPZnZjWm9obkJmS1FCZnlLLTFKVE9Fa2h6N2lscVk3OS0wIn0.eyJleHAiOjE3MjAyNTAyMDQsImlhdCI6MTcyMDE2MzgwNCwianRpIjoiOTc3ZWU2YzctZGRmYi00OTQ0LTgzZjQtZGJkYWNhYTQwY2E5IiwiaXNzIjoiaHR0cHM6Ly9kZXYtaWFtLXZpZXdhbGwud2VzdGV1cm9wZS5jbG91ZGFwcC5henVyZS5jb20vcmVhbG1zL1ZpZXdBbGwiLCJhdWQiOiJhY2NvdW50Iiwic3ViIjoiMzJjYTZlYWYtOTQyZC00MDZiLWIxMTYtNTE2NTE1MTI0M2VhIiwidHlwIjoiQmVhcmVyIiwiYXpwIjoiVmlld0FsbC5XZWJBcHAiLCJzZXNzaW9uX3N0YXRlIjoiYjc4YWJlMDgtYTcwZS00NDgxLTk2N2ItOTU2MDU5NjlkOTI0IiwiYWNyIjoiMSIsImFsbG93ZWQtb3JpZ2lucyI6WyJodHRwczovL3BhZ3N1Ym9rLnZpZXdhbGwuZGsiLCJodHRwczovL2xvY2FsaG9zdDozMDAwIiwiaHR0cHM6Ly9sb2NhbGhvc3Q6NzI4MS8qIiwiaHR0cDovL2xvY2FsaG9zdDozMDAwLyoiLCJodHRwczovL2Rldi1pYW0tdmlld2FsbC53ZXN0ZXVyb3BlLmNsb3VkYXBwLmF6dXJlLmNvbSIsImh0dHA6Ly9sb2NhbGhvc3Q6MzAwMS8qIiwiaHR0cDovL2xvY2FsaG9zdDozMDAxIiwiaHR0cDovL2xvY2FsaG9zdDozMDAwIiwiaHR0cHM6Ly9sb2NhbGhvc3Q6MzAwMC8qIl0sInNjb3BlIjoib3BlbmlkIGVtYWlsIHByb2ZpbGUiLCJzaWQiOiJiNzhhYmUwOC1hNzBlLTQ0ODEtOTY3Yi05NTYwNTk2OWQ5MjQiLCJlbWFpbF92ZXJpZmllZCI6dHJ1ZSwiZG9iIjoiMTktMDQtMTk5NSIsInJvbGVzIjpbImRlZmF1bHQtcm9sZXMtdmlld2FsbCIsIm9mZmxpbmVfYWNjZXNzIiwidW1hX2F1dGhvcml6YXRpb24iXSwibmFtZSI6IkFsYnVzIER1bWJsZWRvcmUiLCJwcmVmZXJyZWRfdXNlcm5hbWUiOiJkYm1pZ3Jpbm9AZ21haWwuY29tIiwiZ2l2ZW5fbmFtZSI6IkFsYnVzIiwiZmFtaWx5X25hbWUiOiJEdW1ibGVkb3JlIiwiZW1haWwiOiJkYm1pZ3Jpbm9AZ21haWwuY29tIn0.cbCwXvL9P6IuudE5TGovbzB81a1DViID-BCOsBGkNxgKdvYjzY7znWPpofFgXUlPvnwaxsDwEm8idozBir1YmZ1kkmUGEvXX4daDcbghMdrfHS8LI-MQ7hlL1vuj-X3jTd7b3Rc3qAijTNmwYEbnTM7YXARkR0GLHGyKVGGqsNPTCLZFSKF79haFJ2R6cnuLTiUn8wzQz6Tj8290gJRE38bD43TsX_Nth82zFP-tgLFrQfvF8AxcEVnwXzQ6eCQqDAyef9ArdjUDJY7swAiM6cPFZFNXHxy8c8aDhybXdntvrpF6vEs57-44GeCBt2l4ih0V4zWMxR8Gp4oaj36dRg
1 > Content-Type: application/json; charset=UTF-8
1 > Content-Length: 151
1 > Host: api-pagsubok.viewall.dk
1 > Connection: Keep-Alive
1 > User-Agent: Apache-HttpClient/4.5.14 (Java/11.0.23)
1 > Accept-Encoding: gzip,deflate
{"name":"BO Karate API Test","vatNumber":"12345678","companyValue":10000000,"estimatedValue":10000000,"ownershipPercentage":35,"amountSaved":350000000}

15:16:48.919 [main] DEBUG com.intuit.karate - response time in milliseconds: 954
1 < 200
1 < content-length: 241
1 < content-type: application/json; charset=utf-8
1 < date: Fri, 05 Jul 2024 07:16:48 GMT
1 < server: Kestrel
1 < request-context: appId=cid-v1:3fd22e07-3840-4488-be75-bfd2a37f8f04
1 < x-frame-options: SAMEORIGIN
1 < x-content-type-options: nosniff
1 < strict-transport-security: max-age=31536000; includeSubDomains
1 < x-xss-protection: 1; mode=block
1 < referrer-policy: strict-origin
1 < permissions-policy: accelerometer=(); camera=(); geolocation=(); gyroscope=(); magnetometer=(); microphone=(); payment=(); usb=()
1 < content-security-policy: default-src 'none';
{"id":320,"userId":1076,"name":"BO Karate API Test","vatNumber":"12345678","companyValue":10000000.0,"estimatedValue":10000000.0,"ownershipPercentage":35.0,"amountSaved":350000000.0,"lastUpdatedDate":"07/05/2024 07:16:49","countryCode":null}

15:16:48.933 [main] DEBUG com.intuit.karate - request:
1 > POST https://api-pagsubok.viewall.dk/api/v1/investments
1 > Authorization: Bearer eyJhbGciOiJSUzI1NiIsInR5cCIgOiAiSldUIiwia2lkIiA6ICJZVzZnZTkxakpPZnZjWm9obkJmS1FCZnlLLTFKVE9Fa2h6N2lscVk3OS0wIn0.eyJleHAiOjE3MjAyNTAyMDQsImlhdCI6MTcyMDE2MzgwNCwianRpIjoiOTc3ZWU2YzctZGRmYi00OTQ0LTgzZjQtZGJkYWNhYTQwY2E5IiwiaXNzIjoiaHR0cHM6Ly9kZXYtaWFtLXZpZXdhbGwud2VzdGV1cm9wZS5jbG91ZGFwcC5henVyZS5jb20vcmVhbG1zL1ZpZXdBbGwiLCJhdWQiOiJhY2NvdW50Iiwic3ViIjoiMzJjYTZlYWYtOTQyZC00MDZiLWIxMTYtNTE2NTE1MTI0M2VhIiwidHlwIjoiQmVhcmVyIiwiYXpwIjoiVmlld0FsbC5XZWJBcHAiLCJzZXNzaW9uX3N0YXRlIjoiYjc4YWJlMDgtYTcwZS00NDgxLTk2N2ItOTU2MDU5NjlkOTI0IiwiYWNyIjoiMSIsImFsbG93ZWQtb3JpZ2lucyI6WyJodHRwczovL3BhZ3N1Ym9rLnZpZXdhbGwuZGsiLCJodHRwczovL2xvY2FsaG9zdDozMDAwIiwiaHR0cHM6Ly9sb2NhbGhvc3Q6NzI4MS8qIiwiaHR0cDovL2xvY2FsaG9zdDozMDAwLyoiLCJodHRwczovL2Rldi1pYW0tdmlld2FsbC53ZXN0ZXVyb3BlLmNsb3VkYXBwLmF6dXJlLmNvbSIsImh0dHA6Ly9sb2NhbGhvc3Q6MzAwMS8qIiwiaHR0cDovL2xvY2FsaG9zdDozMDAxIiwiaHR0cDovL2xvY2FsaG9zdDozMDAwIiwiaHR0cHM6Ly9sb2NhbGhvc3Q6MzAwMC8qIl0sInNjb3BlIjoib3BlbmlkIGVtYWlsIHByb2ZpbGUiLCJzaWQiOiJiNzhhYmUwOC1hNzBlLTQ0ODEtOTY3Yi05NTYwNTk2OWQ5MjQiLCJlbWFpbF92ZXJpZmllZCI6dHJ1ZSwiZG9iIjoiMTktMDQtMTk5NSIsInJvbGVzIjpbImRlZmF1bHQtcm9sZXMtdmlld2FsbCIsIm9mZmxpbmVfYWNjZXNzIiwidW1hX2F1dGhvcml6YXRpb24iXSwibmFtZSI6IkFsYnVzIER1bWJsZWRvcmUiLCJwcmVmZXJyZWRfdXNlcm5hbWUiOiJkYm1pZ3Jpbm9AZ21haWwuY29tIiwiZ2l2ZW5fbmFtZSI6IkFsYnVzIiwiZmFtaWx5X25hbWUiOiJEdW1ibGVkb3JlIiwiZW1haWwiOiJkYm1pZ3Jpbm9AZ21haWwuY29tIn0.cbCwXvL9P6IuudE5TGovbzB81a1DViID-BCOsBGkNxgKdvYjzY7znWPpofFgXUlPvnwaxsDwEm8idozBir1YmZ1kkmUGEvXX4daDcbghMdrfHS8LI-MQ7hlL1vuj-X3jTd7b3Rc3qAijTNmwYEbnTM7YXARkR0GLHGyKVGGqsNPTCLZFSKF79haFJ2R6cnuLTiUn8wzQz6Tj8290gJRE38bD43TsX_Nth82zFP-tgLFrQfvF8AxcEVnwXzQ6eCQqDAyef9ArdjUDJY7swAiM6cPFZFNXHxy8c8aDhybXdntvrpF6vEs57-44GeCBt2l4ih0V4zWMxR8Gp4oaj36dRg
1 > Content-Type: application/json; charset=UTF-8
1 > Content-Length: 200
1 > Host: api-pagsubok.viewall.dk
1 > Connection: Keep-Alive
1 > User-Agent: Apache-HttpClient/4.5.14 (Java/11.0.23)
1 > Accept-Encoding: gzip,deflate
{"categoryId":1,"depotId":10,"description":"Investment 1","quantity":1,"purchasePriceAvg":1,"currentPrice":200000,"currencyCode":"DKK","investedPrivately":1,"insref":6706046,"notes":"Karate API Test"}

15:16:49.828 [main] DEBUG com.intuit.karate - response time in milliseconds: 893
1 < 200
1 < content-length: 345
1 < content-type: application/json; charset=utf-8
1 < date: Fri, 05 Jul 2024 07:16:49 GMT
1 < server: Kestrel
1 < request-context: appId=cid-v1:3fd22e07-3840-4488-be75-bfd2a37f8f04
1 < x-frame-options: SAMEORIGIN
1 < x-content-type-options: nosniff
1 < strict-transport-security: max-age=31536000; includeSubDomains
1 < x-xss-protection: 1; mode=block
1 < referrer-policy: strict-origin
1 < permissions-policy: accelerometer=(); camera=(); geolocation=(); gyroscope=(); magnetometer=(); microphone=(); payment=(); usb=()
1 < content-security-policy: default-src 'none';
{"id":717,"userId":1076,"categoryId":1,"depotId":10,"description":"Investment 1","quantity":1.0,"purchasePriceAvg":1.0,"investedValue":1.0,"currentPrice":200000.0,"currentValue":200000.0,"gainLoss":19999900.0,"weight":0.0,"investedPrivately":1,"byAdvisor":false,"lastUpdatedDate":"07/05/2024 07:16:50","insref":6706046,"notes":"Karate API Test"}

15:16:49.839 [main] DEBUG com.intuit.karate - request:
1 > POST https://api-pagsubok.viewall.dk/api/v1/investments
1 > Authorization: Bearer eyJhbGciOiJSUzI1NiIsInR5cCIgOiAiSldUIiwia2lkIiA6ICJZVzZnZTkxakpPZnZjWm9obkJmS1FCZnlLLTFKVE9Fa2h6N2lscVk3OS0wIn0.eyJleHAiOjE3MjAyNTAyMDQsImlhdCI6MTcyMDE2MzgwNCwianRpIjoiOTc3ZWU2YzctZGRmYi00OTQ0LTgzZjQtZGJkYWNhYTQwY2E5IiwiaXNzIjoiaHR0cHM6Ly9kZXYtaWFtLXZpZXdhbGwud2VzdGV1cm9wZS5jbG91ZGFwcC5henVyZS5jb20vcmVhbG1zL1ZpZXdBbGwiLCJhdWQiOiJhY2NvdW50Iiwic3ViIjoiMzJjYTZlYWYtOTQyZC00MDZiLWIxMTYtNTE2NTE1MTI0M2VhIiwidHlwIjoiQmVhcmVyIiwiYXpwIjoiVmlld0FsbC5XZWJBcHAiLCJzZXNzaW9uX3N0YXRlIjoiYjc4YWJlMDgtYTcwZS00NDgxLTk2N2ItOTU2MDU5NjlkOTI0IiwiYWNyIjoiMSIsImFsbG93ZWQtb3JpZ2lucyI6WyJodHRwczovL3BhZ3N1Ym9rLnZpZXdhbGwuZGsiLCJodHRwczovL2xvY2FsaG9zdDozMDAwIiwiaHR0cHM6Ly9sb2NhbGhvc3Q6NzI4MS8qIiwiaHR0cDovL2xvY2FsaG9zdDozMDAwLyoiLCJodHRwczovL2Rldi1pYW0tdmlld2FsbC53ZXN0ZXVyb3BlLmNsb3VkYXBwLmF6dXJlLmNvbSIsImh0dHA6Ly9sb2NhbGhvc3Q6MzAwMS8qIiwiaHR0cDovL2xvY2FsaG9zdDozMDAxIiwiaHR0cDovL2xvY2FsaG9zdDozMDAwIiwiaHR0cHM6Ly9sb2NhbGhvc3Q6MzAwMC8qIl0sInNjb3BlIjoib3BlbmlkIGVtYWlsIHByb2ZpbGUiLCJzaWQiOiJiNzhhYmUwOC1hNzBlLTQ0ODEtOTY3Yi05NTYwNTk2OWQ5MjQiLCJlbWFpbF92ZXJpZmllZCI6dHJ1ZSwiZG9iIjoiMTktMDQtMTk5NSIsInJvbGVzIjpbImRlZmF1bHQtcm9sZXMtdmlld2FsbCIsIm9mZmxpbmVfYWNjZXNzIiwidW1hX2F1dGhvcml6YXRpb24iXSwibmFtZSI6IkFsYnVzIER1bWJsZWRvcmUiLCJwcmVmZXJyZWRfdXNlcm5hbWUiOiJkYm1pZ3Jpbm9AZ21haWwuY29tIiwiZ2l2ZW5fbmFtZSI6IkFsYnVzIiwiZmFtaWx5X25hbWUiOiJEdW1ibGVkb3JlIiwiZW1haWwiOiJkYm1pZ3Jpbm9AZ21haWwuY29tIn0.cbCwXvL9P6IuudE5TGovbzB81a1DViID-BCOsBGkNxgKdvYjzY7znWPpofFgXUlPvnwaxsDwEm8idozBir1YmZ1kkmUGEvXX4daDcbghMdrfHS8LI-MQ7hlL1vuj-X3jTd7b3Rc3qAijTNmwYEbnTM7YXARkR0GLHGyKVGGqsNPTCLZFSKF79haFJ2R6cnuLTiUn8wzQz6Tj8290gJRE38bD43TsX_Nth82zFP-tgLFrQfvF8AxcEVnwXzQ6eCQqDAyef9ArdjUDJY7swAiM6cPFZFNXHxy8c8aDhybXdntvrpF6vEs57-44GeCBt2l4ih0V4zWMxR8Gp4oaj36dRg
1 > Content-Type: application/json; charset=UTF-8
1 > Content-Length: 200
1 > Host: api-pagsubok.viewall.dk
1 > Connection: Keep-Alive
1 > User-Agent: Apache-HttpClient/4.5.14 (Java/11.0.23)
1 > Accept-Encoding: gzip,deflate
{"categoryId":2,"depotId":10,"description":"Investment 2","quantity":1,"purchasePriceAvg":1,"currentPrice":300000,"currencyCode":"DKK","investedPrivately":1,"insref":6706046,"notes":"Karate API Test"}

15:16:50.703 [main] DEBUG com.intuit.karate - response time in milliseconds: 864
1 < 200
1 < content-length: 345
1 < content-type: application/json; charset=utf-8
1 < date: Fri, 05 Jul 2024 07:16:50 GMT
1 < server: Kestrel
1 < request-context: appId=cid-v1:3fd22e07-3840-4488-be75-bfd2a37f8f04
1 < x-frame-options: SAMEORIGIN
1 < x-content-type-options: nosniff
1 < strict-transport-security: max-age=31536000; includeSubDomains
1 < x-xss-protection: 1; mode=block
1 < referrer-policy: strict-origin
1 < permissions-policy: accelerometer=(); camera=(); geolocation=(); gyroscope=(); magnetometer=(); microphone=(); payment=(); usb=()
1 < content-security-policy: default-src 'none';
{"id":718,"userId":1076,"categoryId":2,"depotId":10,"description":"Investment 2","quantity":1.0,"purchasePriceAvg":1.0,"investedValue":1.0,"currentPrice":300000.0,"currentValue":300000.0,"gainLoss":29999900.0,"weight":0.0,"investedPrivately":1,"byAdvisor":false,"lastUpdatedDate":"07/05/2024 07:16:51","insref":6706046,"notes":"Karate API Test"}

15:16:50.712 [main] DEBUG com.intuit.karate - request:
1 > POST https://api-pagsubok.viewall.dk/api/v1/investments
1 > Authorization: Bearer eyJhbGciOiJSUzI1NiIsInR5cCIgOiAiSldUIiwia2lkIiA6ICJZVzZnZTkxakpPZnZjWm9obkJmS1FCZnlLLTFKVE9Fa2h6N2lscVk3OS0wIn0.eyJleHAiOjE3MjAyNTAyMDQsImlhdCI6MTcyMDE2MzgwNCwianRpIjoiOTc3ZWU2YzctZGRmYi00OTQ0LTgzZjQtZGJkYWNhYTQwY2E5IiwiaXNzIjoiaHR0cHM6Ly9kZXYtaWFtLXZpZXdhbGwud2VzdGV1cm9wZS5jbG91ZGFwcC5henVyZS5jb20vcmVhbG1zL1ZpZXdBbGwiLCJhdWQiOiJhY2NvdW50Iiwic3ViIjoiMzJjYTZlYWYtOTQyZC00MDZiLWIxMTYtNTE2NTE1MTI0M2VhIiwidHlwIjoiQmVhcmVyIiwiYXpwIjoiVmlld0FsbC5XZWJBcHAiLCJzZXNzaW9uX3N0YXRlIjoiYjc4YWJlMDgtYTcwZS00NDgxLTk2N2ItOTU2MDU5NjlkOTI0IiwiYWNyIjoiMSIsImFsbG93ZWQtb3JpZ2lucyI6WyJodHRwczovL3BhZ3N1Ym9rLnZpZXdhbGwuZGsiLCJodHRwczovL2xvY2FsaG9zdDozMDAwIiwiaHR0cHM6Ly9sb2NhbGhvc3Q6NzI4MS8qIiwiaHR0cDovL2xvY2FsaG9zdDozMDAwLyoiLCJodHRwczovL2Rldi1pYW0tdmlld2FsbC53ZXN0ZXVyb3BlLmNsb3VkYXBwLmF6dXJlLmNvbSIsImh0dHA6Ly9sb2NhbGhvc3Q6MzAwMS8qIiwiaHR0cDovL2xvY2FsaG9zdDozMDAxIiwiaHR0cDovL2xvY2FsaG9zdDozMDAwIiwiaHR0cHM6Ly9sb2NhbGhvc3Q6MzAwMC8qIl0sInNjb3BlIjoib3BlbmlkIGVtYWlsIHByb2ZpbGUiLCJzaWQiOiJiNzhhYmUwOC1hNzBlLTQ0ODEtOTY3Yi05NTYwNTk2OWQ5MjQiLCJlbWFpbF92ZXJpZmllZCI6dHJ1ZSwiZG9iIjoiMTktMDQtMTk5NSIsInJvbGVzIjpbImRlZmF1bHQtcm9sZXMtdmlld2FsbCIsIm9mZmxpbmVfYWNjZXNzIiwidW1hX2F1dGhvcml6YXRpb24iXSwibmFtZSI6IkFsYnVzIER1bWJsZWRvcmUiLCJwcmVmZXJyZWRfdXNlcm5hbWUiOiJkYm1pZ3Jpbm9AZ21haWwuY29tIiwiZ2l2ZW5fbmFtZSI6IkFsYnVzIiwiZmFtaWx5X25hbWUiOiJEdW1ibGVkb3JlIiwiZW1haWwiOiJkYm1pZ3Jpbm9AZ21haWwuY29tIn0.cbCwXvL9P6IuudE5TGovbzB81a1DViID-BCOsBGkNxgKdvYjzY7znWPpofFgXUlPvnwaxsDwEm8idozBir1YmZ1kkmUGEvXX4daDcbghMdrfHS8LI-MQ7hlL1vuj-X3jTd7b3Rc3qAijTNmwYEbnTM7YXARkR0GLHGyKVGGqsNPTCLZFSKF79haFJ2R6cnuLTiUn8wzQz6Tj8290gJRE38bD43TsX_Nth82zFP-tgLFrQfvF8AxcEVnwXzQ6eCQqDAyef9ArdjUDJY7swAiM6cPFZFNXHxy8c8aDhybXdntvrpF6vEs57-44GeCBt2l4ih0V4zWMxR8Gp4oaj36dRg
1 > Content-Type: application/json; charset=UTF-8
1 > Content-Length: 199
1 > Host: api-pagsubok.viewall.dk
1 > Connection: Keep-Alive
1 > User-Agent: Apache-HttpClient/4.5.14 (Java/11.0.23)
1 > Accept-Encoding: gzip,deflate
{"categoryId":3,"depotId":10,"description":"Investment 3","quantity":1,"purchasePriceAvg":1,"currentPrice":10000,"currencyCode":"DKK","investedPrivately":1,"insref":6706046,"notes":"Karate API Test"}

15:16:51.597 [main] DEBUG com.intuit.karate - response time in milliseconds: 884
1 < 200
1 < content-length: 341
1 < content-type: application/json; charset=utf-8
1 < date: Fri, 05 Jul 2024 07:16:51 GMT
1 < server: Kestrel
1 < request-context: appId=cid-v1:3fd22e07-3840-4488-be75-bfd2a37f8f04
1 < x-frame-options: SAMEORIGIN
1 < x-content-type-options: nosniff
1 < strict-transport-security: max-age=31536000; includeSubDomains
1 < x-xss-protection: 1; mode=block
1 < referrer-policy: strict-origin
1 < permissions-policy: accelerometer=(); camera=(); geolocation=(); gyroscope=(); magnetometer=(); microphone=(); payment=(); usb=()
1 < content-security-policy: default-src 'none';
{"id":719,"userId":1076,"categoryId":3,"depotId":10,"description":"Investment 3","quantity":1.0,"purchasePriceAvg":1.0,"investedValue":1.0,"currentPrice":10000.0,"currentValue":10000.0,"gainLoss":999900.0,"weight":0.0,"investedPrivately":1,"byAdvisor":false,"lastUpdatedDate":"07/05/2024 07:16:51","insref":6706046,"notes":"Karate API Test"}

15:16:51.602 [main] DEBUG com.intuit.karate - request:
1 > POST https://api-pagsubok.viewall.dk/api/v1/investments
1 > Authorization: Bearer eyJhbGciOiJSUzI1NiIsInR5cCIgOiAiSldUIiwia2lkIiA6ICJZVzZnZTkxakpPZnZjWm9obkJmS1FCZnlLLTFKVE9Fa2h6N2lscVk3OS0wIn0.eyJleHAiOjE3MjAyNTAyMDQsImlhdCI6MTcyMDE2MzgwNCwianRpIjoiOTc3ZWU2YzctZGRmYi00OTQ0LTgzZjQtZGJkYWNhYTQwY2E5IiwiaXNzIjoiaHR0cHM6Ly9kZXYtaWFtLXZpZXdhbGwud2VzdGV1cm9wZS5jbG91ZGFwcC5henVyZS5jb20vcmVhbG1zL1ZpZXdBbGwiLCJhdWQiOiJhY2NvdW50Iiwic3ViIjoiMzJjYTZlYWYtOTQyZC00MDZiLWIxMTYtNTE2NTE1MTI0M2VhIiwidHlwIjoiQmVhcmVyIiwiYXpwIjoiVmlld0FsbC5XZWJBcHAiLCJzZXNzaW9uX3N0YXRlIjoiYjc4YWJlMDgtYTcwZS00NDgxLTk2N2ItOTU2MDU5NjlkOTI0IiwiYWNyIjoiMSIsImFsbG93ZWQtb3JpZ2lucyI6WyJodHRwczovL3BhZ3N1Ym9rLnZpZXdhbGwuZGsiLCJodHRwczovL2xvY2FsaG9zdDozMDAwIiwiaHR0cHM6Ly9sb2NhbGhvc3Q6NzI4MS8qIiwiaHR0cDovL2xvY2FsaG9zdDozMDAwLyoiLCJodHRwczovL2Rldi1pYW0tdmlld2FsbC53ZXN0ZXVyb3BlLmNsb3VkYXBwLmF6dXJlLmNvbSIsImh0dHA6Ly9sb2NhbGhvc3Q6MzAwMS8qIiwiaHR0cDovL2xvY2FsaG9zdDozMDAxIiwiaHR0cDovL2xvY2FsaG9zdDozMDAwIiwiaHR0cHM6Ly9sb2NhbGhvc3Q6MzAwMC8qIl0sInNjb3BlIjoib3BlbmlkIGVtYWlsIHByb2ZpbGUiLCJzaWQiOiJiNzhhYmUwOC1hNzBlLTQ0ODEtOTY3Yi05NTYwNTk2OWQ5MjQiLCJlbWFpbF92ZXJpZmllZCI6dHJ1ZSwiZG9iIjoiMTktMDQtMTk5NSIsInJvbGVzIjpbImRlZmF1bHQtcm9sZXMtdmlld2FsbCIsIm9mZmxpbmVfYWNjZXNzIiwidW1hX2F1dGhvcml6YXRpb24iXSwibmFtZSI6IkFsYnVzIER1bWJsZWRvcmUiLCJwcmVmZXJyZWRfdXNlcm5hbWUiOiJkYm1pZ3Jpbm9AZ21haWwuY29tIiwiZ2l2ZW5fbmFtZSI6IkFsYnVzIiwiZmFtaWx5X25hbWUiOiJEdW1ibGVkb3JlIiwiZW1haWwiOiJkYm1pZ3Jpbm9AZ21haWwuY29tIn0.cbCwXvL9P6IuudE5TGovbzB81a1DViID-BCOsBGkNxgKdvYjzY7znWPpofFgXUlPvnwaxsDwEm8idozBir1YmZ1kkmUGEvXX4daDcbghMdrfHS8LI-MQ7hlL1vuj-X3jTd7b3Rc3qAijTNmwYEbnTM7YXARkR0GLHGyKVGGqsNPTCLZFSKF79haFJ2R6cnuLTiUn8wzQz6Tj8290gJRE38bD43TsX_Nth82zFP-tgLFrQfvF8AxcEVnwXzQ6eCQqDAyef9ArdjUDJY7swAiM6cPFZFNXHxy8c8aDhybXdntvrpF6vEs57-44GeCBt2l4ih0V4zWMxR8Gp4oaj36dRg
1 > Content-Type: application/json; charset=UTF-8
1 > Content-Length: 200
1 > Host: api-pagsubok.viewall.dk
1 > Connection: Keep-Alive
1 > User-Agent: Apache-HttpClient/4.5.14 (Java/11.0.23)
1 > Accept-Encoding: gzip,deflate
{"categoryId":4,"depotId":10,"description":"Investment 4","quantity":1,"purchasePriceAvg":1,"currentPrice":200000,"currencyCode":"DKK","investedPrivately":1,"insref":6706046,"notes":"Karate API Test"}

15:16:52.608 [main] DEBUG com.intuit.karate - response time in milliseconds: 1004
1 < 200
1 < content-length: 345
1 < content-type: application/json; charset=utf-8
1 < date: Fri, 05 Jul 2024 07:16:52 GMT
1 < server: Kestrel
1 < request-context: appId=cid-v1:3fd22e07-3840-4488-be75-bfd2a37f8f04
1 < x-frame-options: SAMEORIGIN
1 < x-content-type-options: nosniff
1 < strict-transport-security: max-age=31536000; includeSubDomains
1 < x-xss-protection: 1; mode=block
1 < referrer-policy: strict-origin
1 < permissions-policy: accelerometer=(); camera=(); geolocation=(); gyroscope=(); magnetometer=(); microphone=(); payment=(); usb=()
1 < content-security-policy: default-src 'none';
{"id":720,"userId":1076,"categoryId":4,"depotId":10,"description":"Investment 4","quantity":1.0,"purchasePriceAvg":1.0,"investedValue":1.0,"currentPrice":200000.0,"currentValue":200000.0,"gainLoss":19999900.0,"weight":0.0,"investedPrivately":1,"byAdvisor":false,"lastUpdatedDate":"07/05/2024 07:16:53","insref":6706046,"notes":"Karate API Test"}

15:16:52.617 [main] DEBUG com.intuit.karate - request:
1 > POST https://api-pagsubok.viewall.dk/api/v1/properties
1 > Authorization: Bearer eyJhbGciOiJSUzI1NiIsInR5cCIgOiAiSldUIiwia2lkIiA6ICJZVzZnZTkxakpPZnZjWm9obkJmS1FCZnlLLTFKVE9Fa2h6N2lscVk3OS0wIn0.eyJleHAiOjE3MjAyNTAyMDQsImlhdCI6MTcyMDE2MzgwNCwianRpIjoiOTc3ZWU2YzctZGRmYi00OTQ0LTgzZjQtZGJkYWNhYTQwY2E5IiwiaXNzIjoiaHR0cHM6Ly9kZXYtaWFtLXZpZXdhbGwud2VzdGV1cm9wZS5jbG91ZGFwcC5henVyZS5jb20vcmVhbG1zL1ZpZXdBbGwiLCJhdWQiOiJhY2NvdW50Iiwic3ViIjoiMzJjYTZlYWYtOTQyZC00MDZiLWIxMTYtNTE2NTE1MTI0M2VhIiwidHlwIjoiQmVhcmVyIiwiYXpwIjoiVmlld0FsbC5XZWJBcHAiLCJzZXNzaW9uX3N0YXRlIjoiYjc4YWJlMDgtYTcwZS00NDgxLTk2N2ItOTU2MDU5NjlkOTI0IiwiYWNyIjoiMSIsImFsbG93ZWQtb3JpZ2lucyI6WyJodHRwczovL3BhZ3N1Ym9rLnZpZXdhbGwuZGsiLCJodHRwczovL2xvY2FsaG9zdDozMDAwIiwiaHR0cHM6Ly9sb2NhbGhvc3Q6NzI4MS8qIiwiaHR0cDovL2xvY2FsaG9zdDozMDAwLyoiLCJodHRwczovL2Rldi1pYW0tdmlld2FsbC53ZXN0ZXVyb3BlLmNsb3VkYXBwLmF6dXJlLmNvbSIsImh0dHA6Ly9sb2NhbGhvc3Q6MzAwMS8qIiwiaHR0cDovL2xvY2FsaG9zdDozMDAxIiwiaHR0cDovL2xvY2FsaG9zdDozMDAwIiwiaHR0cHM6Ly9sb2NhbGhvc3Q6MzAwMC8qIl0sInNjb3BlIjoib3BlbmlkIGVtYWlsIHByb2ZpbGUiLCJzaWQiOiJiNzhhYmUwOC1hNzBlLTQ0ODEtOTY3Yi05NTYwNTk2OWQ5MjQiLCJlbWFpbF92ZXJpZmllZCI6dHJ1ZSwiZG9iIjoiMTktMDQtMTk5NSIsInJvbGVzIjpbImRlZmF1bHQtcm9sZXMtdmlld2FsbCIsIm9mZmxpbmVfYWNjZXNzIiwidW1hX2F1dGhvcml6YXRpb24iXSwibmFtZSI6IkFsYnVzIER1bWJsZWRvcmUiLCJwcmVmZXJyZWRfdXNlcm5hbWUiOiJkYm1pZ3Jpbm9AZ21haWwuY29tIiwiZ2l2ZW5fbmFtZSI6IkFsYnVzIiwiZmFtaWx5X25hbWUiOiJEdW1ibGVkb3JlIiwiZW1haWwiOiJkYm1pZ3Jpbm9AZ21haWwuY29tIn0.cbCwXvL9P6IuudE5TGovbzB81a1DViID-BCOsBGkNxgKdvYjzY7znWPpofFgXUlPvnwaxsDwEm8idozBir1YmZ1kkmUGEvXX4daDcbghMdrfHS8LI-MQ7hlL1vuj-X3jTd7b3Rc3qAijTNmwYEbnTM7YXARkR0GLHGyKVGGqsNPTCLZFSKF79haFJ2R6cnuLTiUn8wzQz6Tj8290gJRE38bD43TsX_Nth82zFP-tgLFrQfvF8AxcEVnwXzQ6eCQqDAyef9ArdjUDJY7swAiM6cPFZFNXHxy8c8aDhybXdntvrpF6vEs57-44GeCBt2l4ih0V4zWMxR8Gp4oaj36dRg
1 > Content-Type: application/json; charset=UTF-8
1 > Content-Length: 167
1 > Host: api-pagsubok.viewall.dk
1 > Connection: Keep-Alive
1 > User-Agent: Apache-HttpClient/4.5.14 (Java/11.0.23)
1 > Accept-Encoding: gzip,deflate
{"typeId":1,"addressStreet":"RE Karate API Test","cityZipCode":"2000","countryCode":"DK","valueEstimated":"50000000","ownershipPercent":"50","mortgages":[],"loans":[]}

15:16:53.443 [main] DEBUG com.intuit.karate - response time in milliseconds: 823
1 < 201
1 < content-length: 211
1 < content-type: application/json; charset=utf-8
1 < date: Fri, 05 Jul 2024 07:16:53 GMT
1 < server: Kestrel
1 < location: 
1 < request-context: appId=cid-v1:3fd22e07-3840-4488-be75-bfd2a37f8f04
1 < x-frame-options: SAMEORIGIN
1 < x-content-type-options: nosniff
1 < strict-transport-security: max-age=31536000; includeSubDomains
1 < x-xss-protection: 1; mode=block
1 < referrer-policy: strict-origin
1 < permissions-policy: accelerometer=(); camera=(); geolocation=(); gyroscope=(); magnetometer=(); microphone=(); payment=(); usb=()
1 < content-security-policy: default-src 'none';
{"id":549,"userId":1076,"typeId":1,"addressStreet":"RE Karate API Test","cityZipCode":"2000","countryCode":"DK","valueEstimated":50000000.0,"ownershipPercent":50.0,"totalLiabilities":0.0,"assetValue":50000000.0}

15:16:53.452 [main] DEBUG com.intuit.karate - request:
1 > POST https://api-pagsubok.viewall.dk/api/v1/properties
1 > Authorization: Bearer eyJhbGciOiJSUzI1NiIsInR5cCIgOiAiSldUIiwia2lkIiA6ICJZVzZnZTkxakpPZnZjWm9obkJmS1FCZnlLLTFKVE9Fa2h6N2lscVk3OS0wIn0.eyJleHAiOjE3MjAyNTAyMDQsImlhdCI6MTcyMDE2MzgwNCwianRpIjoiOTc3ZWU2YzctZGRmYi00OTQ0LTgzZjQtZGJkYWNhYTQwY2E5IiwiaXNzIjoiaHR0cHM6Ly9kZXYtaWFtLXZpZXdhbGwud2VzdGV1cm9wZS5jbG91ZGFwcC5henVyZS5jb20vcmVhbG1zL1ZpZXdBbGwiLCJhdWQiOiJhY2NvdW50Iiwic3ViIjoiMzJjYTZlYWYtOTQyZC00MDZiLWIxMTYtNTE2NTE1MTI0M2VhIiwidHlwIjoiQmVhcmVyIiwiYXpwIjoiVmlld0FsbC5XZWJBcHAiLCJzZXNzaW9uX3N0YXRlIjoiYjc4YWJlMDgtYTcwZS00NDgxLTk2N2ItOTU2MDU5NjlkOTI0IiwiYWNyIjoiMSIsImFsbG93ZWQtb3JpZ2lucyI6WyJodHRwczovL3BhZ3N1Ym9rLnZpZXdhbGwuZGsiLCJodHRwczovL2xvY2FsaG9zdDozMDAwIiwiaHR0cHM6Ly9sb2NhbGhvc3Q6NzI4MS8qIiwiaHR0cDovL2xvY2FsaG9zdDozMDAwLyoiLCJodHRwczovL2Rldi1pYW0tdmlld2FsbC53ZXN0ZXVyb3BlLmNsb3VkYXBwLmF6dXJlLmNvbSIsImh0dHA6Ly9sb2NhbGhvc3Q6MzAwMS8qIiwiaHR0cDovL2xvY2FsaG9zdDozMDAxIiwiaHR0cDovL2xvY2FsaG9zdDozMDAwIiwiaHR0cHM6Ly9sb2NhbGhvc3Q6MzAwMC8qIl0sInNjb3BlIjoib3BlbmlkIGVtYWlsIHByb2ZpbGUiLCJzaWQiOiJiNzhhYmUwOC1hNzBlLTQ0ODEtOTY3Yi05NTYwNTk2OWQ5MjQiLCJlbWFpbF92ZXJpZmllZCI6dHJ1ZSwiZG9iIjoiMTktMDQtMTk5NSIsInJvbGVzIjpbImRlZmF1bHQtcm9sZXMtdmlld2FsbCIsIm9mZmxpbmVfYWNjZXNzIiwidW1hX2F1dGhvcml6YXRpb24iXSwibmFtZSI6IkFsYnVzIER1bWJsZWRvcmUiLCJwcmVmZXJyZWRfdXNlcm5hbWUiOiJkYm1pZ3Jpbm9AZ21haWwuY29tIiwiZ2l2ZW5fbmFtZSI6IkFsYnVzIiwiZmFtaWx5X25hbWUiOiJEdW1ibGVkb3JlIiwiZW1haWwiOiJkYm1pZ3Jpbm9AZ21haWwuY29tIn0.cbCwXvL9P6IuudE5TGovbzB81a1DViID-BCOsBGkNxgKdvYjzY7znWPpofFgXUlPvnwaxsDwEm8idozBir1YmZ1kkmUGEvXX4daDcbghMdrfHS8LI-MQ7hlL1vuj-X3jTd7b3Rc3qAijTNmwYEbnTM7YXARkR0GLHGyKVGGqsNPTCLZFSKF79haFJ2R6cnuLTiUn8wzQz6Tj8290gJRE38bD43TsX_Nth82zFP-tgLFrQfvF8AxcEVnwXzQ6eCQqDAyef9ArdjUDJY7swAiM6cPFZFNXHxy8c8aDhybXdntvrpF6vEs57-44GeCBt2l4ih0V4zWMxR8Gp4oaj36dRg
1 > Content-Type: application/json; charset=UTF-8
1 > Content-Length: 167
1 > Host: api-pagsubok.viewall.dk
1 > Connection: Keep-Alive
1 > User-Agent: Apache-HttpClient/4.5.14 (Java/11.0.23)
1 > Accept-Encoding: gzip,deflate
{"typeId":2,"addressStreet":"RE Karate API Test","cityZipCode":"2000","countryCode":"DK","valueEstimated":"2500000","ownershipPercent":"100","mortgages":[],"loans":[]}

15:16:54.388 [main] DEBUG com.intuit.karate - response time in milliseconds: 935
1 < 201
1 < content-length: 210
1 < content-type: application/json; charset=utf-8
1 < date: Fri, 05 Jul 2024 07:16:54 GMT
1 < server: Kestrel
1 < location: 
1 < request-context: appId=cid-v1:3fd22e07-3840-4488-be75-bfd2a37f8f04
1 < x-frame-options: SAMEORIGIN
1 < x-content-type-options: nosniff
1 < strict-transport-security: max-age=31536000; includeSubDomains
1 < x-xss-protection: 1; mode=block
1 < referrer-policy: strict-origin
1 < permissions-policy: accelerometer=(); camera=(); geolocation=(); gyroscope=(); magnetometer=(); microphone=(); payment=(); usb=()
1 < content-security-policy: default-src 'none';
{"id":550,"userId":1076,"typeId":2,"addressStreet":"RE Karate API Test","cityZipCode":"2000","countryCode":"DK","valueEstimated":2500000.0,"ownershipPercent":100.0,"totalLiabilities":0.0,"assetValue":2500000.0}

15:16:54.402 [main] DEBUG com.intuit.karate - request:
1 > POST https://api-pagsubok.viewall.dk/api/v1/wealth-savings
1 > Authorization: Bearer eyJhbGciOiJSUzI1NiIsInR5cCIgOiAiSldUIiwia2lkIiA6ICJZVzZnZTkxakpPZnZjWm9obkJmS1FCZnlLLTFKVE9Fa2h6N2lscVk3OS0wIn0.eyJleHAiOjE3MjAyNTAyMDQsImlhdCI6MTcyMDE2MzgwNCwianRpIjoiOTc3ZWU2YzctZGRmYi00OTQ0LTgzZjQtZGJkYWNhYTQwY2E5IiwiaXNzIjoiaHR0cHM6Ly9kZXYtaWFtLXZpZXdhbGwud2VzdGV1cm9wZS5jbG91ZGFwcC5henVyZS5jb20vcmVhbG1zL1ZpZXdBbGwiLCJhdWQiOiJhY2NvdW50Iiwic3ViIjoiMzJjYTZlYWYtOTQyZC00MDZiLWIxMTYtNTE2NTE1MTI0M2VhIiwidHlwIjoiQmVhcmVyIiwiYXpwIjoiVmlld0FsbC5XZWJBcHAiLCJzZXNzaW9uX3N0YXRlIjoiYjc4YWJlMDgtYTcwZS00NDgxLTk2N2ItOTU2MDU5NjlkOTI0IiwiYWNyIjoiMSIsImFsbG93ZWQtb3JpZ2lucyI6WyJodHRwczovL3BhZ3N1Ym9rLnZpZXdhbGwuZGsiLCJodHRwczovL2xvY2FsaG9zdDozMDAwIiwiaHR0cHM6Ly9sb2NhbGhvc3Q6NzI4MS8qIiwiaHR0cDovL2xvY2FsaG9zdDozMDAwLyoiLCJodHRwczovL2Rldi1pYW0tdmlld2FsbC53ZXN0ZXVyb3BlLmNsb3VkYXBwLmF6dXJlLmNvbSIsImh0dHA6Ly9sb2NhbGhvc3Q6MzAwMS8qIiwiaHR0cDovL2xvY2FsaG9zdDozMDAxIiwiaHR0cDovL2xvY2FsaG9zdDozMDAwIiwiaHR0cHM6Ly9sb2NhbGhvc3Q6MzAwMC8qIl0sInNjb3BlIjoib3BlbmlkIGVtYWlsIHByb2ZpbGUiLCJzaWQiOiJiNzhhYmUwOC1hNzBlLTQ0ODEtOTY3Yi05NTYwNTk2OWQ5MjQiLCJlbWFpbF92ZXJpZmllZCI6dHJ1ZSwiZG9iIjoiMTktMDQtMTk5NSIsInJvbGVzIjpbImRlZmF1bHQtcm9sZXMtdmlld2FsbCIsIm9mZmxpbmVfYWNjZXNzIiwidW1hX2F1dGhvcml6YXRpb24iXSwibmFtZSI6IkFsYnVzIER1bWJsZWRvcmUiLCJwcmVmZXJyZWRfdXNlcm5hbWUiOiJkYm1pZ3Jpbm9AZ21haWwuY29tIiwiZ2l2ZW5fbmFtZSI6IkFsYnVzIiwiZmFtaWx5X25hbWUiOiJEdW1ibGVkb3JlIiwiZW1haWwiOiJkYm1pZ3Jpbm9AZ21haWwuY29tIn0.cbCwXvL9P6IuudE5TGovbzB81a1DViID-BCOsBGkNxgKdvYjzY7znWPpofFgXUlPvnwaxsDwEm8idozBir1YmZ1kkmUGEvXX4daDcbghMdrfHS8LI-MQ7hlL1vuj-X3jTd7b3Rc3qAijTNmwYEbnTM7YXARkR0GLHGyKVGGqsNPTCLZFSKF79haFJ2R6cnuLTiUn8wzQz6Tj8290gJRE38bD43TsX_Nth82zFP-tgLFrQfvF8AxcEVnwXzQ6eCQqDAyef9ArdjUDJY7swAiM6cPFZFNXHxy8c8aDhybXdntvrpF6vEs57-44GeCBt2l4ih0V4zWMxR8Gp4oaj36dRg
1 > Content-Type: application/json; charset=UTF-8
1 > Content-Length: 126
1 > Host: api-pagsubok.viewall.dk
1 > Connection: Keep-Alive
1 > User-Agent: Apache-HttpClient/4.5.14 (Java/11.0.23)
1 > Accept-Encoding: gzip,deflate
{"description":"Savings 1","currentValue":500000,"ownershipPercentage":100,"amountSaved":800,"includePensionCalculation":true}

15:16:55.631 [main] DEBUG com.intuit.karate - response time in milliseconds: 1228
1 < 200
1 < content-length: 214
1 < content-type: application/json; charset=utf-8
1 < date: Fri, 05 Jul 2024 07:16:56 GMT
1 < server: Kestrel
1 < request-context: appId=cid-v1:3fd22e07-3840-4488-be75-bfd2a37f8f04
1 < x-frame-options: SAMEORIGIN
1 < x-content-type-options: nosniff
1 < strict-transport-security: max-age=31536000; includeSubDomains
1 < x-xss-protection: 1; mode=block
1 < referrer-policy: strict-origin
1 < permissions-policy: accelerometer=(); camera=(); geolocation=(); gyroscope=(); magnetometer=(); microphone=(); payment=(); usb=()
1 < content-security-policy: default-src 'none';
{"id":274,"userId":1076,"description":"Savings 1","currentValue":500000.0,"ownershipPercentage":100.0,"amountSaved":800.0,"lastUpdatedDate":"07/05/2024 07:16:56","includePensionCalculation":true,"countryCode":null}

15:16:55.635 [main] DEBUG com.intuit.karate - request:
1 > GET https://api-pagsubok.viewall.dk/api/v1/risks/score
1 > Authorization: Bearer eyJhbGciOiJSUzI1NiIsInR5cCIgOiAiSldUIiwia2lkIiA6ICJZVzZnZTkxakpPZnZjWm9obkJmS1FCZnlLLTFKVE9Fa2h6N2lscVk3OS0wIn0.eyJleHAiOjE3MjAyNTAyMDQsImlhdCI6MTcyMDE2MzgwNCwianRpIjoiOTc3ZWU2YzctZGRmYi00OTQ0LTgzZjQtZGJkYWNhYTQwY2E5IiwiaXNzIjoiaHR0cHM6Ly9kZXYtaWFtLXZpZXdhbGwud2VzdGV1cm9wZS5jbG91ZGFwcC5henVyZS5jb20vcmVhbG1zL1ZpZXdBbGwiLCJhdWQiOiJhY2NvdW50Iiwic3ViIjoiMzJjYTZlYWYtOTQyZC00MDZiLWIxMTYtNTE2NTE1MTI0M2VhIiwidHlwIjoiQmVhcmVyIiwiYXpwIjoiVmlld0FsbC5XZWJBcHAiLCJzZXNzaW9uX3N0YXRlIjoiYjc4YWJlMDgtYTcwZS00NDgxLTk2N2ItOTU2MDU5NjlkOTI0IiwiYWNyIjoiMSIsImFsbG93ZWQtb3JpZ2lucyI6WyJodHRwczovL3BhZ3N1Ym9rLnZpZXdhbGwuZGsiLCJodHRwczovL2xvY2FsaG9zdDozMDAwIiwiaHR0cHM6Ly9sb2NhbGhvc3Q6NzI4MS8qIiwiaHR0cDovL2xvY2FsaG9zdDozMDAwLyoiLCJodHRwczovL2Rldi1pYW0tdmlld2FsbC53ZXN0ZXVyb3BlLmNsb3VkYXBwLmF6dXJlLmNvbSIsImh0dHA6Ly9sb2NhbGhvc3Q6MzAwMS8qIiwiaHR0cDovL2xvY2FsaG9zdDozMDAxIiwiaHR0cDovL2xvY2FsaG9zdDozMDAwIiwiaHR0cHM6Ly9sb2NhbGhvc3Q6MzAwMC8qIl0sInNjb3BlIjoib3BlbmlkIGVtYWlsIHByb2ZpbGUiLCJzaWQiOiJiNzhhYmUwOC1hNzBlLTQ0ODEtOTY3Yi05NTYwNTk2OWQ5MjQiLCJlbWFpbF92ZXJpZmllZCI6dHJ1ZSwiZG9iIjoiMTktMDQtMTk5NSIsInJvbGVzIjpbImRlZmF1bHQtcm9sZXMtdmlld2FsbCIsIm9mZmxpbmVfYWNjZXNzIiwidW1hX2F1dGhvcml6YXRpb24iXSwibmFtZSI6IkFsYnVzIER1bWJsZWRvcmUiLCJwcmVmZXJyZWRfdXNlcm5hbWUiOiJkYm1pZ3Jpbm9AZ21haWwuY29tIiwiZ2l2ZW5fbmFtZSI6IkFsYnVzIiwiZmFtaWx5X25hbWUiOiJEdW1ibGVkb3JlIiwiZW1haWwiOiJkYm1pZ3Jpbm9AZ21haWwuY29tIn0.cbCwXvL9P6IuudE5TGovbzB81a1DViID-BCOsBGkNxgKdvYjzY7znWPpofFgXUlPvnwaxsDwEm8idozBir1YmZ1kkmUGEvXX4daDcbghMdrfHS8LI-MQ7hlL1vuj-X3jTd7b3Rc3qAijTNmwYEbnTM7YXARkR0GLHGyKVGGqsNPTCLZFSKF79haFJ2R6cnuLTiUn8wzQz6Tj8290gJRE38bD43TsX_Nth82zFP-tgLFrQfvF8AxcEVnwXzQ6eCQqDAyef9ArdjUDJY7swAiM6cPFZFNXHxy8c8aDhybXdntvrpF6vEs57-44GeCBt2l4ih0V4zWMxR8Gp4oaj36dRg
1 > Host: api-pagsubok.viewall.dk
1 > Connection: Keep-Alive
1 > User-Agent: Apache-HttpClient/4.5.14 (Java/11.0.23)
1 > Accept-Encoding: gzip,deflate


15:17:04.747 [main] DEBUG com.intuit.karate - response time in milliseconds: 9111
1 < 200
1 < content-length: 15
1 < content-type: application/json; charset=utf-8
1 < date: Fri, 05 Jul 2024 07:17:04 GMT
1 < server: Kestrel
1 < request-context: appId=cid-v1:3fd22e07-3840-4488-be75-bfd2a37f8f04
1 < x-frame-options: SAMEORIGIN
1 < x-content-type-options: nosniff
1 < strict-transport-security: max-age=31536000; includeSubDomains
1 < x-xss-protection: 1; mode=block
1 < referrer-policy: strict-origin
1 < permissions-policy: accelerometer=(); camera=(); geolocation=(); gyroscope=(); magnetometer=(); microphone=(); payment=(); usb=()
1 < content-security-policy: default-src 'none';
{"riskScore":3}

15:17:04.749 [main] INFO  com.intuit.karate - [print] 3 
---------------------------------------------------------
feature: classpath:viewall/features/GetRiskScoreAnalysis.feature
scenarios:  1 | passed:  1 | failed:  0 | time: 16.8039
---------------------------------------------------------

15:17:04.879 [main] INFO  com.intuit.karate.Suite - <<pass>> feature 5 of 5 (0 remaining) classpath:viewall/features/GetRiskScoreAnalysis.feature
15:17:04.880 [main] DEBUG com.intuit.karate.Suite - waiting for 5 features to complete
Karate version: 1.4.1
======================================================
elapsed:  23.46 | threads:    1 | thread time: 20.54 
features:     5 | skipped:    0 | efficiency: 0.88
scenarios:    5 | passed:     5 | failed: 0
======================================================

HTML report: (paste into browser to view) | Karate version: 1.4.1
file:///C:/Users/DEWISE%20SOLUTIONS/source/repos/viewall-karate/target/karate-reports/karate-summary.html
===================================================================

]]></system-out>
  </testcase>
</testsuite>